#
# There is insufficient memory for the Java Runtime Environment to continue.
# Native memory allocation (malloc) failed to allocate 1182256 bytes for Chunk::new
# Possible reasons:
#   The system is out of physical RAM or swap space
#   The process is running with CompressedOops enabled, and the Java Heap may be blocking the growth of the native heap
# Possible solutions:
#   Reduce memory load on the system
#   Increase physical memory or swap space
#   Check if swap backing store is full
#   Decrease Java heap size (-Xmx/-Xms)
#   Decrease number of Java threads
#   Decrease Java thread stack sizes (-Xss)
#   Set larger code cache with -XX:ReservedCodeCacheSize=
#   JVM is running with Unscaled Compressed Oops mode in which the Java heap is
#     placed in the first 4GB address space. The Java Heap base address is the
#     maximum limit for the native heap growth. Please use -XX:HeapBaseMinAddress
#     to set the Java Heap base and to place the Java Heap above 4GB virtual address.
# This output file may be truncated or incomplete.
#
#  Out of Memory Error (allocation.cpp:389), pid=202388, tid=0x0000000000031cc8
#
# JRE version: OpenJDK Runtime Environment (8.0_202-b03) (build 1.8.0_202-release-1483-b03)
# Java VM: OpenJDK 64-Bit Server VM (25.202-b03 mixed mode windows-amd64 compressed oops)
# Failed to write core dump. Minidumps are not enabled by default on client versions of Windows
#

---------------  T H R E A D  ---------------

Current thread (0x000000001a4eb000):  JavaThread "C2 CompilerThread0" daemon [_thread_in_native, id=203976, stack(0x000000001acb0000,0x000000001adb0000)]

Stack: [0x000000001acb0000,0x000000001adb0000]
[error occurred during error reporting (printing stack bounds), id 0xc0000005]

Native frames: (J=compiled Java code, j=interpreted, Vv=VM code, C=native code)


Current CompileTask:
C2:   9765 8793       4       org.objectweb.asm.Frame::execute (2318 bytes)


---------------  P R O C E S S  ---------------

Java Threads: ( => current thread )
  0x000000001c5c0000 JavaThread "Memory manager" [_thread_blocked, id=203624, stack(0x0000000025e30000,0x0000000025f30000)]
  0x000000001c5bf000 JavaThread "Cache worker for Build Output Cleanup Cache (D:\Chrome\plutonem-fluxc-android\.gradle\buildOutputCleanup)" [_thread_blocked, id=204344, stack(0x0000000025530000,0x0000000025630000)]
  0x000000001c5b7000 JavaThread "pool-1-thread-1" [_thread_blocked, id=204352, stack(0x0000000025030000,0x0000000025130000)]
  0x000000001c5bd800 JavaThread "Build operations Thread 8" [_thread_blocked, id=204112, stack(0x0000000024f30000,0x0000000025030000)]
  0x000000001c5b8800 JavaThread "Build operations Thread 7" [_thread_blocked, id=204200, stack(0x0000000024e30000,0x0000000024f30000)]
  0x000000001c5b6000 JavaThread "Build operations Thread 6" [_thread_blocked, id=204312, stack(0x0000000024d30000,0x0000000024e30000)]
  0x000000001c5bb800 JavaThread "Build operations Thread 5" [_thread_blocked, id=204324, stack(0x0000000024c30000,0x0000000024d30000)]
  0x000000001c5ba000 JavaThread "Build operations Thread 4" [_thread_blocked, id=204316, stack(0x0000000024b30000,0x0000000024c30000)]
  0x000000001c5b7800 JavaThread "Build operations Thread 3" [_thread_blocked, id=192728, stack(0x0000000024a30000,0x0000000024b30000)]
  0x000000001c5b9000 JavaThread "Build operations Thread 2" [_thread_blocked, id=204128, stack(0x0000000024930000,0x0000000024a30000)]
  0x000000001c5ba800 JavaThread "Build operations" [_thread_blocked, id=203724, stack(0x0000000024830000,0x0000000024930000)]
  0x000000001c50b800 JavaThread "Cache worker for execution history cache (C:\Users\Administrator\.gradle\caches\5.4.1\executionHistory)" [_thread_blocked, id=197940, stack(0x0000000024330000,0x0000000024430000)]
  0x000000001c50f000 JavaThread "Cache worker for cache directory md-rule (C:\Users\Administrator\.gradle\caches\5.4.1\md-rule)" [_thread_blocked, id=200280, stack(0x0000000024230000,0x0000000024330000)]
  0x000000001c50e800 JavaThread "Cache worker for cache directory md-supplier (C:\Users\Administrator\.gradle\caches\5.4.1\md-supplier)" [_thread_blocked, id=203168, stack(0x00000000219d0000,0x0000000021ad0000)]
  0x000000001c50d000 JavaThread "Cache worker for file hash cache (D:\Chrome\plutonem-fluxc-android\.gradle\5.4.1\fileHashes)" [_thread_blocked, id=203620, stack(0x00000000210a0000,0x00000000211a0000)]
  0x000000001c510000 JavaThread "Cache worker for journal cache (C:\Users\Administrator\.gradle\caches\journal-1)" [_thread_blocked, id=203464, stack(0x000000001ee00000,0x000000001ef00000)]
  0x000000001c510800 JavaThread "File lock request listener" [_thread_in_native, id=201900, stack(0x000000001ed00000,0x000000001ee00000)]
  0x000000001cdcd800 JavaThread "Cache worker for file hash cache (C:\Users\Administrator\.gradle\caches\5.4.1\fileHashes)" [_thread_blocked, id=200740, stack(0x000000001ea00000,0x000000001eb00000)]
  0x000000001c3db000 JavaThread "Thread-9" [_thread_blocked, id=202612, stack(0x000000001e900000,0x000000001ea00000)]
  0x000000001c3fc000 JavaThread "Stdin handler" [_thread_blocked, id=201820, stack(0x000000001e800000,0x000000001e900000)]
  0x000000001c3fb800 JavaThread "Asynchronous log dispatcher for DefaultDaemonConnection: socket connection from /127.0.0.1:59642 to /127.0.0.1:59643" [_thread_blocked, id=168552, stack(0x000000001e600000,0x000000001e700000)]
  0x000000001c3e7800 JavaThread "Daemon worker" [_thread_in_native, id=203596, stack(0x000000001e500000,0x000000001e600000)]
  0x000000001c3eb000 JavaThread "Cancel handler" [_thread_blocked, id=204336, stack(0x000000001e400000,0x000000001e500000)]
  0x000000001ceac800 JavaThread "Handler for socket connection from /127.0.0.1:59642 to /127.0.0.1:59643" [_thread_in_native, id=204236, stack(0x000000001e100000,0x000000001e200000)]
  0x000000001ceab800 JavaThread "Daemon" [_thread_blocked, id=197752, stack(0x000000001e000000,0x000000001e100000)]
  0x000000001cea8800 JavaThread "Daemon periodic checks" [_thread_blocked, id=204284, stack(0x000000001df00000,0x000000001e000000)]
  0x000000001c9af800 JavaThread "Incoming local TCP Connector on port 59642" [_thread_in_native, id=204108, stack(0x000000001dd60000,0x000000001de60000)]
  0x000000001c4e9800 JavaThread "Daemon health stats" [_thread_blocked, id=204332, stack(0x000000001ca80000,0x000000001cb80000)]
  0x000000001a5d3800 JavaThread "Service Thread" daemon [_thread_blocked, id=204072, stack(0x000000001b0b0000,0x000000001b1b0000)]
  0x000000001a54e800 JavaThread "C1 CompilerThread3" daemon [_thread_in_vm, id=202688, stack(0x000000001afb0000,0x000000001b0b0000)]
  0x00000000186fa000 JavaThread "C2 CompilerThread2" daemon [_thread_in_native, id=202472, stack(0x000000001aeb0000,0x000000001afb0000)]
  0x000000001a4f1000 JavaThread "C2 CompilerThread1" daemon [_thread_blocked, id=204500, stack(0x000000001adb0000,0x000000001aeb0000)]
=>0x000000001a4eb000 JavaThread "C2 CompilerThread0" daemon [_thread_in_native, id=203976, stack(0x000000001acb0000,0x000000001adb0000)]
  0x000000001a548800 JavaThread "Attach Listener" daemon [_thread_blocked, id=204056, stack(0x000000001abb0000,0x000000001acb0000)]
  0x000000001a547000 JavaThread "Signal Dispatcher" daemon [_thread_blocked, id=202876, stack(0x000000001aab0000,0x000000001abb0000)]
  0x000000001a4d0800 JavaThread "Finalizer" daemon [_thread_blocked, id=203300, stack(0x000000001a9b0000,0x000000001aab0000)]
  0x0000000004926800 JavaThread "Reference Handler" daemon [_thread_blocked, id=204012, stack(0x000000001a8b0000,0x000000001a9b0000)]
  0x000000000434d800 JavaThread "main" [_thread_blocked, id=203364, stack(0x0000000004730000,0x0000000004830000)]

Other Threads:
  0x00000000186e8800 VMThread [stack: 0x000000001a3b0000,0x000000001a4b0000] [id=202828]
  0x000000001a5d4800 WatcherThread [stack: 0x000000001b1b0000,0x000000001b2b0000] [id=201120]

VM state:not at safepoint (normal execution)

VM Mutex/Monitor currently owned by a thread:  ([mutex/lock_event])
[0x000000000434c680] AdapterHandlerLibrary_lock - owner thread: 0x000000001c3e7800

heap address: 0x00000000a0000000, size: 1536 MB, Compressed Oops mode: 32-bit
Narrow klass base: 0x0000000000000000, Narrow klass shift: 3
Compressed class space size: 1073741824 Address: 0x0000000100000000

Heap:
 PSYoungGen      total 180224K, used 74859K [0x00000000e0000000, 0x00000000ede00000, 0x0000000100000000)
  eden space 155648K, 32% used [0x00000000e0000000,0x00000000e3122870,0x00000000e9800000)
  from space 24576K, 99% used [0x00000000eb700000,0x00000000ecef84c0,0x00000000ecf00000)
  to   space 31744K, 0% used [0x00000000e9800000,0x00000000e9800000,0x00000000eb700000)
 ParOldGen       total 290304K, used 50203K [0x00000000a0000000, 0x00000000b1b80000, 0x00000000e0000000)
  object space 290304K, 17% used [0x00000000a0000000,0x00000000a3106cb0,0x00000000b1b80000)
 Metaspace       used 70255K, capacity 73512K, committed 73624K, reserved 1112064K
  class space    used 9645K, capacity 10349K, committed 10408K, reserved 1048576K

Card table byte_map: [0x0000000013cf0000,0x0000000014000000] byte_map_base: 0x00000000137f0000

Marking Bits: (ParMarkBitMap*) 0x0000000053d19f30
 Begin Bits: [0x0000000014a00000, 0x0000000016200000)
 End Bits:   [0x0000000016200000, 0x0000000017a00000)

Polling page: 0x0000000002680000

CodeCache: size=245760Kb used=26441Kb max_used=26450Kb free=219318Kb
 bounds [0x0000000004930000, 0x0000000006320000, 0x0000000013930000]
 total_blobs=8813 nmethods=8009 adapters=715
 compilation: enabled

Compilation events (10 events):
Event: 9.734 Thread 0x000000001a54e800 nmethod 8870 0x0000000006307b10 code [0x0000000006307cc0, 0x0000000006308098]
Event: 9.737 Thread 0x000000001a4f1000 nmethod 8829 0x0000000006315390 code [0x00000000063157c0, 0x00000000063182e8]
Event: 9.753 Thread 0x000000001a54e800 8872       3       sun.nio.fs.WindowsPath::compareTo (118 bytes)
Event: 9.754 Thread 0x000000001a54e800 nmethod 8872 0x000000000630d410 code [0x000000000630d680, 0x000000000630e608]
Event: 9.754 Thread 0x000000001a54e800 8873       3       java.util.ArrayDeque$DeqIterator::hasNext (17 bytes)
Event: 9.754 Thread 0x000000001a54e800 nmethod 8873 0x000000000630d090 code [0x000000000630d1e0, 0x000000000630d390]
Event: 9.755 Thread 0x000000001a54e800 8874       3       java.util.ArrayDeque::removeLast (19 bytes)
Event: 9.755 Thread 0x000000001a54e800 nmethod 8874 0x0000000006314e50 code [0x0000000006314fe0, 0x0000000006315278]
Event: 9.755 Thread 0x000000001a54e800 8875       3       java.util.ArrayDeque::pollLast (42 bytes)
Event: 9.755 Thread 0x000000001a54e800 nmethod 8875 0x0000000006314890 code [0x0000000006314a00, 0x0000000006314d30]

GC Heap History (10 events):
Event: 6.474 GC heap before
{Heap before GC invocations=11 (full 2):
 PSYoungGen      total 135680K, used 116343K [0x00000000e0000000, 0x00000000e9d80000, 0x0000000100000000)
  eden space 120832K, 84% used [0x00000000e0000000,0x00000000e631f790,0x00000000e7600000)
  from space 14848K, 99% used [0x00000000e8780000,0x00000000e95fe7f0,0x00000000e9600000)
  to   space 17920K, 0% used [0x00000000e7600000,0x00000000e7600000,0x00000000e8780000)
 ParOldGen       total 190976K, used 22145K [0x00000000a0000000, 0x00000000aba80000, 0x00000000e0000000)
  object space 190976K, 11% used [0x00000000a0000000,0x00000000a15a07d0,0x00000000aba80000)
 Metaspace       used 57210K, capacity 59110K, committed 59160K, reserved 1099776K
  class space    used 7709K, capacity 8206K, committed 8232K, reserved 1048576K
Event: 6.489 GC heap after
Heap after GC invocations=11 (full 2):
 PSYoungGen      total 138752K, used 17916K [0x00000000e0000000, 0x00000000ebb80000, 0x0000000100000000)
  eden space 120832K, 0% used [0x00000000e0000000,0x00000000e0000000,0x00000000e7600000)
  from space 17920K, 99% used [0x00000000e7600000,0x00000000e877f3a0,0x00000000e8780000)
  to   space 22528K, 0% used [0x00000000ea580000,0x00000000ea580000,0x00000000ebb80000)
 ParOldGen       total 190976K, used 28800K [0x00000000a0000000, 0x00000000aba80000, 0x00000000e0000000)
  object space 190976K, 15% used [0x00000000a0000000,0x00000000a1c20100,0x00000000aba80000)
 Metaspace       used 57210K, capacity 59110K, committed 59160K, reserved 1099776K
  class space    used 7709K, capacity 8206K, committed 8232K, reserved 1048576K
}
Event: 6.489 GC heap before
{Heap before GC invocations=12 (full 3):
 PSYoungGen      total 138752K, used 17916K [0x00000000e0000000, 0x00000000ebb80000, 0x0000000100000000)
  eden space 120832K, 0% used [0x00000000e0000000,0x00000000e0000000,0x00000000e7600000)
  from space 17920K, 99% used [0x00000000e7600000,0x00000000e877f3a0,0x00000000e8780000)
  to   space 22528K, 0% used [0x00000000ea580000,0x00000000ea580000,0x00000000ebb80000)
 ParOldGen       total 190976K, used 28800K [0x00000000a0000000, 0x00000000aba80000, 0x00000000e0000000)
  object space 190976K, 15% used [0x00000000a0000000,0x00000000a1c20100,0x00000000aba80000)
 Metaspace       used 57210K, capacity 59110K, committed 59160K, reserved 1099776K
  class space    used 7709K, capacity 8206K, committed 8232K, reserved 1048576K
Event: 6.664 GC heap after
Heap after GC invocations=12 (full 3):
 PSYoungGen      total 138752K, used 0K [0x00000000e0000000, 0x00000000ebb80000, 0x0000000100000000)
  eden space 120832K, 0% used [0x00000000e0000000,0x00000000e0000000,0x00000000e7600000)
  from space 17920K, 0% used [0x00000000e7600000,0x00000000e7600000,0x00000000e8780000)
  to   space 22528K, 0% used [0x00000000ea580000,0x00000000ea580000,0x00000000ebb80000)
 ParOldGen       total 290304K, used 39865K [0x00000000a0000000, 0x00000000b1b80000, 0x00000000e0000000)
  object space 290304K, 13% used [0x00000000a0000000,0x00000000a26ee620,0x00000000b1b80000)
 Metaspace       used 57182K, capacity 59020K, committed 59160K, reserved 1099776K
  class space    used 7701K, capacity 8191K, committed 8232K, reserved 1048576K
}
Event: 7.524 GC heap before
{Heap before GC invocations=13 (full 3):
 PSYoungGen      total 138752K, used 120832K [0x00000000e0000000, 0x00000000ebb80000, 0x0000000100000000)
  eden space 120832K, 100% used [0x00000000e0000000,0x00000000e7600000,0x00000000e7600000)
  from space 17920K, 0% used [0x00000000e7600000,0x00000000e7600000,0x00000000e8780000)
  to   space 22528K, 0% used [0x00000000ea580000,0x00000000ea580000,0x00000000ebb80000)
 ParOldGen       total 290304K, used 39865K [0x00000000a0000000, 0x00000000b1b80000, 0x00000000e0000000)
  object space 290304K, 13% used [0x00000000a0000000,0x00000000a26ee620,0x00000000b1b80000)
 Metaspace       used 61996K, capacity 64070K, committed 64280K, reserved 1103872K
  class space    used 8454K, capacity 8984K, committed 9000K, reserved 1048576K
Event: 7.533 GC heap after
Heap after GC invocations=13 (full 3):
 PSYoungGen      total 154112K, used 8997K [0x00000000e0000000, 0x00000000eb400000, 0x0000000100000000)
  eden space 139264K, 0% used [0x00000000e0000000,0x00000000e0000000,0x00000000e8800000)
  from space 14848K, 60% used [0x00000000ea580000,0x00000000eae49770,0x00000000eb400000)
  to   space 22528K, 0% used [0x00000000e8800000,0x00000000e8800000,0x00000000e9e00000)
 ParOldGen       total 290304K, used 39873K [0x00000000a0000000, 0x00000000b1b80000, 0x00000000e0000000)
  object space 290304K, 13% used [0x00000000a0000000,0x00000000a26f0620,0x00000000b1b80000)
 Metaspace       used 61996K, capacity 64070K, committed 64280K, reserved 1103872K
  class space    used 8454K, capacity 8984K, committed 9000K, reserved 1048576K
}
Event: 8.153 GC heap before
{Heap before GC invocations=14 (full 3):
 PSYoungGen      total 154112K, used 148261K [0x00000000e0000000, 0x00000000eb400000, 0x0000000100000000)
  eden space 139264K, 100% used [0x00000000e0000000,0x00000000e8800000,0x00000000e8800000)
  from space 14848K, 60% used [0x00000000ea580000,0x00000000eae49770,0x00000000eb400000)
  to   space 22528K, 0% used [0x00000000e8800000,0x00000000e8800000,0x00000000e9e00000)
 ParOldGen       total 290304K, used 39873K [0x00000000a0000000, 0x00000000b1b80000, 0x00000000e0000000)
  object space 290304K, 13% used [0x00000000a0000000,0x00000000a26f0620,0x00000000b1b80000)
 Metaspace       used 62836K, capacity 65232K, committed 65560K, reserved 1105920K
  class space    used 8552K, capacity 9134K, committed 9256K, reserved 1048576K
Event: 8.167 GC heap after
Heap after GC invocations=14 (full 3):
 PSYoungGen      total 161792K, used 21332K [0x00000000e0000000, 0x00000000ecf00000, 0x0000000100000000)
  eden space 139264K, 0% used [0x00000000e0000000,0x00000000e0000000,0x00000000e8800000)
  from space 22528K, 94% used [0x00000000e8800000,0x00000000e9cd5358,0x00000000e9e00000)
  to   space 24576K, 0% used [0x00000000eb700000,0x00000000eb700000,0x00000000ecf00000)
 ParOldGen       total 290304K, used 39881K [0x00000000a0000000, 0x00000000b1b80000, 0x00000000e0000000)
  object space 290304K, 13% used [0x00000000a0000000,0x00000000a26f2620,0x00000000b1b80000)
 Metaspace       used 62836K, capacity 65232K, committed 65560K, reserved 1105920K
  class space    used 8552K, capacity 9134K, committed 9256K, reserved 1048576K
}
Event: 9.166 GC heap before
{Heap before GC invocations=15 (full 3):
 PSYoungGen      total 161792K, used 160596K [0x00000000e0000000, 0x00000000ecf00000, 0x0000000100000000)
  eden space 139264K, 100% used [0x00000000e0000000,0x00000000e8800000,0x00000000e8800000)
  from space 22528K, 94% used [0x00000000e8800000,0x00000000e9cd5358,0x00000000e9e00000)
  to   space 24576K, 0% used [0x00000000eb700000,0x00000000eb700000,0x00000000ecf00000)
 ParOldGen       total 290304K, used 39881K [0x00000000a0000000, 0x00000000b1b80000, 0x00000000e0000000)
  object space 290304K, 13% used [0x00000000a0000000,0x00000000a26f2620,0x00000000b1b80000)
 Metaspace       used 67953K, capacity 70776K, committed 71064K, reserved 1110016K
  class space    used 9373K, capacity 10043K, committed 10152K, reserved 1048576K
Event: 9.186 GC heap after
Heap after GC invocations=15 (full 3):
 PSYoungGen      total 180224K, used 24545K [0x00000000e0000000, 0x00000000ede00000, 0x0000000100000000)
  eden space 155648K, 0% used [0x00000000e0000000,0x00000000e0000000,0x00000000e9800000)
  from space 24576K, 99% used [0x00000000eb700000,0x00000000ecef84c0,0x00000000ecf00000)
  to   space 31744K, 0% used [0x00000000e9800000,0x00000000e9800000,0x00000000eb700000)
 ParOldGen       total 290304K, used 50203K [0x00000000a0000000, 0x00000000b1b80000, 0x00000000e0000000)
  object space 290304K, 17% used [0x00000000a0000000,0x00000000a3106cb0,0x00000000b1b80000)
 Metaspace       used 67953K, capacity 70776K, committed 71064K, reserved 1110016K
  class space    used 9373K, capacity 10043K, committed 10152K, reserved 1048576K
}

Deoptimization events (10 events):
Event: 9.429 Thread 0x000000001c5b6000 Uncommon trap: reason=unstable_if action=reinterpret pc=0x00000000055f3e70 method=java.util.concurrent.ConcurrentHashMap.addCount(JI)V @ 97
Event: 9.599 Thread 0x000000001c3e7800 Uncommon trap: reason=bimorphic action=maybe_recompile pc=0x0000000005907980 method=java.util.Hashtable.get(Ljava/lang/Object;)Ljava/lang/Object; @ 6
Event: 9.599 Thread 0x000000001c3e7800 Uncommon trap: reason=bimorphic action=maybe_recompile pc=0x0000000005907980 method=java.util.Hashtable.get(Ljava/lang/Object;)Ljava/lang/Object; @ 6
Event: 9.599 Thread 0x000000001c3e7800 Uncommon trap: reason=bimorphic action=maybe_recompile pc=0x0000000005907980 method=java.util.Hashtable.get(Ljava/lang/Object;)Ljava/lang/Object; @ 6
Event: 9.599 Thread 0x000000001c3e7800 Uncommon trap: reason=bimorphic action=maybe_recompile pc=0x0000000005907980 method=java.util.Hashtable.get(Ljava/lang/Object;)Ljava/lang/Object; @ 6
Event: 9.615 Thread 0x000000001c3e7800 Uncommon trap: reason=unstable_if action=reinterpret pc=0x0000000004ae9394 method=java.lang.String.replace(CC)Ljava/lang/String; @ 2
Event: 9.620 Thread 0x000000001c3e7800 Uncommon trap: reason=unstable_if action=reinterpret pc=0x0000000005d5ba20 method=groovy.lang.MetaClassImpl.checkIfStdMethod(Lgroovy/lang/MetaMethod;)V @ 78
Event: 9.621 Thread 0x000000001c3e7800 Uncommon trap: reason=bimorphic action=maybe_recompile pc=0x0000000005d1b890 method=org.codehaus.groovy.runtime.metaclass.MetaMethodIndex.addMethodToList(Ljava/lang/Object;Lgroovy/lang/MetaMethod;)Ljava/lang/Object; @ 102
Event: 9.621 Thread 0x000000001c3e7800 Uncommon trap: reason=unstable_if action=reinterpret pc=0x00000000055b4590 method=org.codehaus.groovy.runtime.metaclass.MetaMethodIndex.copyNonPrivateNonNewMetaMethods(Lorg/codehaus/groovy/runtime/metaclass/MetaMethodIndex$Entry;Lorg/codehaus/groovy/runti
Event: 9.621 Thread 0x000000001c3e7800 Uncommon trap: reason=unstable_if action=reinterpret pc=0x00000000055d3358 method=groovy.lang.MetaClassImpl$1MOPIter.methodNameAction(Ljava/lang/Class;Lorg/codehaus/groovy/runtime/metaclass/MetaMethodIndex$Entry;)V @ 182

Classes redefined (0 events):
No events

Internal exceptions (10 events):
Event: 9.626 Thread 0x000000001c3e7800 Exception <a 'java/security/PrivilegedActionException'> (0x00000000e271d5e0) thrown at [D:\src\AOSP-openjdk-cygwin\jdk8u\hotspot\src\share\vm\prims\jvm.cpp, line 1508]
Event: 9.626 Thread 0x000000001c3e7800 Exception <a 'java/lang/ClassNotFoundException': groovy/util/BuilderSupportCustomizer> (0x00000000e2721730) thrown at [D:\src\AOSP-openjdk-cygwin\jdk8u\hotspot\src\share\vm\classfile\systemDictionary.cpp, line 210]
Event: 9.627 Thread 0x000000001c3e7800 Exception <a 'java/security/PrivilegedActionException'> (0x00000000e272c5b0) thrown at [D:\src\AOSP-openjdk-cygwin\jdk8u\hotspot\src\share\vm\prims\jvm.cpp, line 1508]
Event: 9.627 Thread 0x000000001c3e7800 Exception <a 'java/security/PrivilegedActionException'> (0x00000000e272d148) thrown at [D:\src\AOSP-openjdk-cygwin\jdk8u\hotspot\src\share\vm\prims\jvm.cpp, line 1508]
Event: 9.627 Thread 0x000000001c3e7800 Exception <a 'java/security/PrivilegedActionException'> (0x00000000e2738418) thrown at [D:\src\AOSP-openjdk-cygwin\jdk8u\hotspot\src\share\vm\prims\jvm.cpp, line 1508]
Event: 9.627 Thread 0x000000001c3e7800 Exception <a 'java/security/PrivilegedActionException'> (0x00000000e2739198) thrown at [D:\src\AOSP-openjdk-cygwin\jdk8u\hotspot\src\share\vm\prims\jvm.cpp, line 1508]
Event: 9.627 Thread 0x000000001c3e7800 Exception <a 'java/lang/ClassNotFoundException': groovy/util/AntBuilderCustomizer> (0x00000000e273cfb0) thrown at [D:\src\AOSP-openjdk-cygwin\jdk8u\hotspot\src\share\vm\classfile\systemDictionary.cpp, line 210]
Event: 9.627 Thread 0x000000001c3e7800 Exception <a 'java/lang/ClassNotFoundException': org/gradle/api/AntBuilderCustomizer> (0x00000000e2754e08) thrown at [D:\src\AOSP-openjdk-cygwin\jdk8u\hotspot\src\share\vm\classfile\systemDictionary.cpp, line 210]
Event: 9.628 Thread 0x000000001c3e7800 Exception <a 'java/lang/ClassNotFoundException': org/gradle/api/internal/project/ant/BasicAntBuilderCustomizer> (0x00000000e2779b00) thrown at [D:\src\AOSP-openjdk-cygwin\jdk8u\hotspot\src\share\vm\classfile\systemDictionary.cpp, line 210]
Event: 9.628 Thread 0x000000001c3e7800 Exception <a 'java/lang/ClassNotFoundException': org/gradle/api/internal/project/DefaultAntBuilderCustomizer> (0x00000000e27a6218) thrown at [D:\src\AOSP-openjdk-cygwin\jdk8u\hotspot\src\share\vm\classfile\systemDictionary.cpp, line 210]

Events (10 events):
Event: 9.631 Thread 0x000000001a4f1000 flushing nmethod 0x0000000005549ad0
Event: 9.631 Thread 0x000000001a4f1000 flushing nmethod 0x00000000055f4350
Event: 9.632 Thread 0x00000000186fa000 flushing nmethod 0x0000000005699a10
Event: 9.632 Thread 0x00000000186fa000 flushing nmethod 0x00000000056e9690
Event: 9.632 loading class org/gradle/internal/service/scopes/ProjectScopeServices$4
Event: 9.632 loading class org/gradle/internal/service/scopes/ProjectScopeServices$4 done
Event: 9.643 Thread 0x000000001cdcd800 DEOPT PACKING pc=0x000000000551a72b sp=0x000000001eafe570
Event: 9.643 Thread 0x000000001cdcd800 DEOPT UNPACKING pc=0x00000000049775d0 sp=0x000000001eafe2c8 mode 0
Event: 9.658 Thread 0x000000001cdcd800 DEOPT PACKING pc=0x000000000551a72b sp=0x000000001eafe570
Event: 9.658 Thread 0x000000001cdcd800 DEOPT UNPACKING pc=0x00000000049775d0 sp=0x000000001eafe2c8 mode 0


Dynamic libraries:
0x00007ff7b81b0000 - 0x00007ff7b81e1000 	D:\android studio\jre\bin\java.exe
0x00007ffc85220000 - 0x00007ffc85400000 	C:\windows\SYSTEM32\ntdll.dll
0x00007ffc83eb0000 - 0x00007ffc83f5e000 	C:\windows\System32\KERNEL32.DLL
0x00007ffc822c0000 - 0x00007ffc82526000 	C:\windows\System32\ADVAPI32.dll
0x00007ffc84e20000 - 0x00007ffc84ec1000 	C:\windows\System32\ADVAPI32.dll
0x00007ffc846a0000 - 0x00007ffc8473d000 	C:\windows\System32\RPCRT4.dll
0x00007ffc85130000 - 0x00007ffc8518b000 	C:\windows\System32\sechost.dll
0x00007ffc844c0000 - 0x00007ffc845df000 	C:\windows\System32\GDI32.dll
0x00007ffc848e0000 - 0x00007ffc84a6f000 	C:\windows\System32\gdi32full.dll
0x00007ffc82020000 - 0x00007ffc82040000 	C:\windows\System32\win32u.dll
0x00007ffc82630000 - 0x00007ffc82658000 	C:\windows\System32\GDI32.dll
0x00007ffc81e80000 - 0x00007ffc82013000 	C:\windows\System32\gdi32full.dll
0x00007ffc82110000 - 0x00007ffc821ab000 	C:\windows\System32\bcryptPrimitives.dll
0x00007ffc81d80000 - 0x00007ffc81e74000 	C:\windows\System32\IMM32.DLL
0x00007ffc73f10000 - 0x00007ffc74179000 	D:\android studio\jre\jre\bin\msvcr100.dll
0x00007ffc82760000 - 0x00007ffc82a66000 	C:\windows\System32\combase.dll
0x00007ffc81b30000 - 0x00007ffc81ba2000 	C:\windows\System32\bcryptPrimitives.dll
0x00007ffc82540000 - 0x00007ffc8256d000 	C:\windows\System32\IMM32.DLL
0x0000000053470000 - 0x0000000053542000 	D:\android studio\jre\jre\bin\msvcr100.dll
0x0000000053550000 - 0x0000000053d96000 	C:\windows\SYSTEM32\WSOCK32.dll
0x00007ffc82040000 - 0x00007ffc82063000 	C:\windows\System32\WS2_32.dll
0x00007ffc812e0000 - 0x00007ffc8130a000 	C:\windows\SYSTEM32\VERSION.dll
0x00007ffc82070000 - 0x00007ffc820ba000 	D:\android studio\jre\jre\bin\verify.dll
0x00007ffc82570000 - 0x00007ffc82578000 	D:\android studio\jre\jre\bin\java.dll
0x00007ffc78a00000 - 0x00007ffc78a09000 	C:\windows\SYSTEM32\WSOCK32.dll
0x00007ffc850c0000 - 0x00007ffc8512c000 	C:\windows\System32\WS2_32.dll
0x00007ffc7cd20000 - 0x00007ffc7cd2a000 	C:\windows\SYSTEM32\VERSION.dll
0x00007ffc7b2a0000 - 0x00007ffc7b2af000 	D:\android studio\jre\jre\bin\verify.dll
0x00007ffc6ff80000 - 0x00007ffc6ffa9000 	D:\android studio\jre\jre\bin\java.dll
0x00007ffc7b280000 - 0x00007ffc7b296000 	D:\android studio\jre\jre\bin\zip.dll
0x00007ffc82a70000 - 0x00007ffc83ea8000 	C:\windows\System32\SHELL32.dll
0x00007ffc845e0000 - 0x00007ffc84686000 	C:\windows\System32\shcore.dll
0x00007ffc81330000 - 0x00007ffc81a77000 	C:\windows\System32\windows.storage.dll
0x00007ffc85190000 - 0x00007ffc851e1000 	D:\android studio\jre\jre\bin\nio.dll
0x00007ffc812c0000 - 0x00007ffc812d1000 	C:\windows\System32\kernel.appcore.dll
0x00007ffc820c0000 - 0x00007ffc8210c000 	C:\windows\System32\KERNELBASE.dll
0x00007ffc812a0000 - 0x00007ffc812bb000 	C:\windows\System32\RPCRT4.dll
0x00007ffc6ff60000 - 0x00007ffc6ff7a000 	C:\windows\System32\gdi32full.dll
0x00007ffc80aa0000 - 0x00007ffc80b06000 	C:\windows\WinSxS\amd64_microsoft.windows.common-controls_6595b64144ccf1df_6.0.16299.1087_none_0f9074b65a6589b7\COMCTL32.dll
0x00007ffc692d0000 - 0x00007ffc692e1000 	C:\windows\System32\bcryptPrimitives.dll
0x00007ffc58720000 - 0x00007ffc58746000 	D:\android studio\jre\jre\bin\server\jvm.dll
0x00007ffc70d30000 - 0x00007ffc70d3d000 	C:\windows\System32\WINMMBASE.dll
0x00007ffc80c70000 - 0x00007ffc80c87000 	C:\windows\System32\PSAPI.DLL
0x00007ffc806a0000 - 0x00007ffc806d3000 	C:\windows\System32\WS2_32.dll
0x00007ffc80d70000 - 0x00007ffc80d95000 	C:\windows\SYSTEM32\bcrypt.dll
0x00007ffc811a0000 - 0x00007ffc811c9000 	D:\android studio\jre\jre\bin\java.dll
0x00007ffc80c60000 - 0x00007ffc80c6b000 	C:\windows\System32\SHELL32.dll
0x00007ffc80830000 - 0x00007ffc80869000 	C:\windows\System32\windows.storage.dll
0x00007ffc82580000 - 0x00007ffc82588000 	C:\windows\System32\shlwapi.dll
0x00007ffc7c680000 - 0x00007ffc7c696000 	C:\windows\System32\powrprof.dll
0x00007ffc7c660000 - 0x00007ffc7c67a000 	C:\windows\SYSTEM32\dhcpcsvc.DLL

VM Arguments:
jvm_args: -Xmx1536m -Dfile.encoding=GBK -Duser.country=CN -Duser.language=zh -Duser.variant 
java_command: org.gradle.launcher.daemon.bootstrap.GradleDaemon 5.4.1
java_class_path (initial): C:\Users\Administrator\.gradle\wrapper\dists\gradle-5.4.1-all\3221gyojl5jsh0helicew7rwx\gradle-5.4.1\lib\gradle-launcher-5.4.1.jar
Launcher Type: SUN_STANDARD

Environment Variables:
PATH=C:\Program Files\Java\jdk1.8.0_181\bin;C:\ProgramData\DockerDesktop\version-bin;C:\Program Files\Docker\Docker\Resources\bin;D:\Python\Python37\Scripts\;D:\Python\Python37\;C:\windows\system32;C:\windows;C:\windows\System32\Wbem;C:\windows\System32\WindowsPowerShell\v1.0\;C:\Program Files (x86)\NVIDIA Corporation\PhysX\Common;C:\Program Files\TortoiseSVN\bin;C:\Program Files\NVIDIA Corporation\NVIDIA NvDLISR;D:\home\Redis\;D:\Git\cmd;C:\php;C:\Apache24;C:\Apache24\bin;C:\Users\Administrator\AppData\Local\Microsoft\WindowsApps;;D:\JETBrain\Python_professional\PyCharm 2019.2\bin;;D:\phpstorm\PhpStorm 2019.2.5\bin;;D:\JETBrain\Python\PyCharm Community Edition 2019.2\bin;
USERNAME=Administrator
OS=Windows_NT
PROCESSOR_IDENTIFIER=Intel64 Family 6 Model 158 Stepping 9, GenuineIntel



---------------  S Y S T E M  ---------------

OS: Windows 10.0 , 64 bit Build 16299 (10.0.16299.1087)

CPU:total 8 (initial active 8) (4 cores per cpu, 2 threads per core) family 6 model 158 stepping 9, cmov, cx8, fxsr, mmx, sse, sse2, sse3, ssse3, sse4.1, sse4.2, popcnt, avx, avx2, aes, clmul, erms, rtm, 3dnowpref, lzcnt, ht, tsc, tscinvbit, bmi1, bmi2, adx

Memory: 4k page, physical 16641964k(503084k free), swap 25030572k(5432k free)

vm_info: OpenJDK 64-Bit Server VM (25.202-b03) for windows-amd64 JRE (1.8.0_202-release-1483-b03), built by "builder" with MS VC++ 10.0 (VS2010)

time: Wed Nov 27 07:30:29 2019
timezone: 中国标准时间
elapsed time: 9 seconds (0d 0h 0m 9s)

