#
# There is insufficient memory for the Java Runtime Environment to continue.
# Native memory allocation (malloc) failed to allocate 1146896 bytes for Chunk::new
# Possible reasons:
#   The system is out of physical RAM or swap space
#   The process is running with CompressedOops enabled, and the Java Heap may be blocking the growth of the native heap
# Possible solutions:
#   Reduce memory load on the system
#   Increase physical memory or swap space
#   Check if swap backing store is full
#   Decrease Java heap size (-Xmx/-Xms)
#   Decrease number of Java threads
#   Decrease Java thread stack sizes (-Xss)
#   Set larger code cache with -XX:ReservedCodeCacheSize=
#   JVM is running with Unscaled Compressed Oops mode in which the Java heap is
#     placed in the first 4GB address space. The Java Heap base address is the
#     maximum limit for the native heap growth. Please use -XX:HeapBaseMinAddress
#     to set the Java Heap base and to place the Java Heap above 4GB virtual address.
# This output file may be truncated or incomplete.
#
#  Out of Memory Error (allocation.cpp:389), pid=239500, tid=0x00000000000343d0
#
# JRE version: OpenJDK Runtime Environment (8.0_202-b03) (build 1.8.0_202-release-1483-b03)
# Java VM: OpenJDK 64-Bit Server VM (25.202-b03 mixed mode windows-amd64 compressed oops)
# Failed to write core dump. Minidumps are not enabled by default on client versions of Windows
#

---------------  T H R E A D  ---------------

Current thread (0x000000001b17b800):  JavaThread "C2 CompilerThread0" daemon [_thread_in_native, id=213968, stack(0x000000001b9a0000,0x000000001baa0000)]

Stack: [0x000000001b9a0000,0x000000001baa0000]
[error occurred during error reporting (printing stack bounds), id 0xc0000005]

Native frames: (J=compiled Java code, j=interpreted, Vv=VM code, C=native code)


Current CompileTask:
C2:  28940 6246 %     4       org.gradle.internal.instantiation.AbstractClassGenerator::inspectType @ 107 (559 bytes)


---------------  P R O C E S S  ---------------

Java Threads: ( => current thread )
  0x0000000022992800 JavaThread "Memory manager" [_thread_blocked, id=204572, stack(0x0000000026270000,0x0000000026370000)]
  0x0000000022991000 JavaThread "Cache worker for Build Output Cleanup Cache (D:\Chrome\plutonem-fluxc-android\.gradle\buildOutputCleanup)" [_thread_blocked, id=304040, stack(0x0000000025f70000,0x0000000026070000)]
  0x0000000022990000 JavaThread "pool-1-thread-1" [_thread_blocked, id=298040, stack(0x0000000025c70000,0x0000000025d70000)]
  0x0000000022988800 JavaThread "Build operations Thread 8" [_thread_blocked, id=303756, stack(0x0000000025770000,0x0000000025870000)]
  0x000000002298f800 JavaThread "Build operations Thread 7" [_thread_blocked, id=303428, stack(0x0000000025670000,0x0000000025770000)]
  0x000000002298e800 JavaThread "Build operations Thread 6" [_thread_blocked, id=303560, stack(0x0000000025570000,0x0000000025670000)]
  0x000000002298e000 JavaThread "Build operations Thread 5" [_thread_blocked, id=303496, stack(0x0000000025470000,0x0000000025570000)]
  0x0000000022988000 JavaThread "Build operations Thread 4" [_thread_blocked, id=208792, stack(0x0000000025370000,0x0000000025470000)]
  0x000000002298d000 JavaThread "Build operations Thread 3" [_thread_blocked, id=303424, stack(0x0000000025270000,0x0000000025370000)]
  0x000000002298b800 JavaThread "Build operations Thread 2" [_thread_blocked, id=303248, stack(0x0000000024f70000,0x0000000025070000)]
  0x000000002298b000 JavaThread "Build operations" [_thread_blocked, id=303520, stack(0x0000000024e70000,0x0000000024f70000)]
  0x000000002298c800 JavaThread "Cache worker for execution history cache (C:\Users\Administrator\.gradle\caches\5.4.1\executionHistory)" [_thread_blocked, id=178776, stack(0x0000000024b70000,0x0000000024c70000)]
  0x0000000022989800 JavaThread "Cache worker for cache directory md-rule (C:\Users\Administrator\.gradle\caches\5.4.1\md-rule)" [_thread_blocked, id=303504, stack(0x0000000024870000,0x0000000024970000)]
  0x0000000022986800 JavaThread "Cache worker for cache directory md-supplier (C:\Users\Administrator\.gradle\caches\5.4.1\md-supplier)" [_thread_blocked, id=303680, stack(0x0000000024770000,0x0000000024870000)]
  0x000000001d9d0800 JavaThread "Cache worker for file hash cache (D:\Chrome\plutonem-fluxc-android\.gradle\5.4.1\fileHashes)" [_thread_blocked, id=302904, stack(0x0000000021db0000,0x0000000021eb0000)]
  0x000000001d9d3800 JavaThread "Cache worker for journal cache (C:\Users\Administrator\.gradle\caches\journal-1)" [_thread_blocked, id=303348, stack(0x000000001f910000,0x000000001fa10000)]
  0x000000001d9d0000 JavaThread "File lock request listener" [_thread_in_native, id=303408, stack(0x000000001f810000,0x000000001f910000)]
  0x000000001d9d4800 JavaThread "Cache worker for file hash cache (C:\Users\Administrator\.gradle\caches\5.4.1\fileHashes)" [_thread_blocked, id=303964, stack(0x000000001f710000,0x000000001f810000)]
  0x000000001d93f800 JavaThread "Thread-9" [_thread_blocked, id=302136, stack(0x000000001f610000,0x000000001f710000)]
  0x000000001d579000 JavaThread "Stdin handler" [_thread_blocked, id=303692, stack(0x000000001f510000,0x000000001f610000)]
  0x000000001d563000 JavaThread "Asynchronous log dispatcher for DefaultDaemonConnection: socket connection from /127.0.0.1:63145 to /127.0.0.1:63146" [_thread_blocked, id=303056, stack(0x000000001f310000,0x000000001f410000)]
  0x000000001d95f000 JavaThread "Daemon worker" [_thread_in_native, id=303284, stack(0x000000001f210000,0x000000001f310000)]
  0x000000001d58c000 JavaThread "Cancel handler" [_thread_blocked, id=302452, stack(0x000000001f110000,0x000000001f210000)]
  0x000000001d76b000 JavaThread "Handler for socket connection from /127.0.0.1:63145 to /127.0.0.1:63146" [_thread_in_native, id=302384, stack(0x000000001ee10000,0x000000001ef10000)]
  0x000000001d768000 JavaThread "Daemon" [_thread_blocked, id=303004, stack(0x000000001ed10000,0x000000001ee10000)]
  0x000000001d910800 JavaThread "Daemon periodic checks" [_thread_blocked, id=303096, stack(0x000000001ec10000,0x000000001ed10000)]
  0x000000001d8a3000 JavaThread "Incoming local TCP Connector on port 63145" [_thread_in_native, id=302132, stack(0x000000001ea70000,0x000000001eb70000)]
  0x000000001d09a000 JavaThread "Daemon health stats" [_thread_blocked, id=302140, stack(0x000000001d770000,0x000000001d870000)]
  0x000000001b260000 JavaThread "Service Thread" daemon [_thread_blocked, id=206060, stack(0x000000001bda0000,0x000000001bea0000)]
  0x000000001938a000 JavaThread "C1 CompilerThread3" daemon [_thread_blocked, id=303644, stack(0x000000001bca0000,0x000000001bda0000)]
  0x000000001b180800 JavaThread "C2 CompilerThread2" daemon [_thread_blocked, id=303996, stack(0x000000001bba0000,0x000000001bca0000)]
  0x000000001b17e800 JavaThread "C2 CompilerThread1" daemon [_thread_blocked, id=178800, stack(0x000000001baa0000,0x000000001bba0000)]
=>0x000000001b17b800 JavaThread "C2 CompilerThread0" daemon [_thread_in_native, id=213968, stack(0x000000001b9a0000,0x000000001baa0000)]
  0x000000001b17a800 JavaThread "Attach Listener" daemon [_thread_blocked, id=304060, stack(0x000000001b8a0000,0x000000001b9a0000)]
  0x000000001b166800 JavaThread "Signal Dispatcher" daemon [_thread_blocked, id=303060, stack(0x000000001b7a0000,0x000000001b8a0000)]
  0x00000000055bd800 JavaThread "Finalizer" daemon [_thread_blocked, id=303540, stack(0x000000001b640000,0x000000001b740000)]
  0x00000000055b4000 JavaThread "Reference Handler" daemon [_thread_blocked, id=303572, stack(0x000000001b540000,0x000000001b640000)]
  0x00000000032fd800 JavaThread "main" [_thread_blocked, id=174344, stack(0x00000000053c0000,0x00000000054c0000)]

Other Threads:
  0x0000000019379000 VMThread [stack: 0x000000001b040000,0x000000001b140000] [id=303280]
  0x000000001b260800 WatcherThread [stack: 0x000000001bea0000,0x000000001bfa0000] [id=304012]

VM state:not at safepoint (normal execution)

VM Mutex/Monitor currently owned by a thread: None

heap address: 0x00000000a0000000, size: 1536 MB, Compressed Oops mode: 32-bit
Narrow klass base: 0x0000000000000000, Narrow klass shift: 3
Compressed class space size: 1073741824 Address: 0x0000000100000000

Heap:
 PSYoungGen      total 152576K, used 52114K [0x00000000e0000000, 0x00000000ea780000, 0x0000000100000000)
  eden space 133632K, 38% used [0x00000000e0000000,0x00000000e32e4a50,0x00000000e8280000)
  from space 18944K, 0% used [0x00000000e8280000,0x00000000e8280000,0x00000000e9500000)
  to   space 15872K, 0% used [0x00000000e9700000,0x00000000e9700000,0x00000000ea680000)
 ParOldGen       total 104448K, used 36319K [0x00000000a0000000, 0x00000000a6600000, 0x00000000e0000000)
  object space 104448K, 34% used [0x00000000a0000000,0x00000000a2377db0,0x00000000a6600000)
 Metaspace       used 60352K, capacity 62224K, committed 62424K, reserved 1103872K
  class space    used 8185K, capacity 8632K, committed 8704K, reserved 1048576K

Card table byte_map: [0x0000000014980000,0x0000000014c90000] byte_map_base: 0x0000000014480000

Marking Bits: (ParMarkBitMap*) 0x00000000728d9f30
 Begin Bits: [0x0000000015690000, 0x0000000016e90000)
 End Bits:   [0x0000000016e90000, 0x0000000018690000)

Polling page: 0x0000000000ff0000

CodeCache: size=245760Kb used=18126Kb max_used=18127Kb free=227633Kb
 bounds [0x00000000055c0000, 0x0000000006790000, 0x00000000145c0000]
 total_blobs=6399 nmethods=5613 adapters=698
 compilation: enabled

Compilation events (10 events):
Event: 28.513 Thread 0x000000001b180800 nmethod 6304 0x000000000677fe90 code [0x000000000677ffe0, 0x0000000006780278]
Event: 28.543 Thread 0x000000001b17e800 nmethod 6296 0x00000000067847d0 code [0x0000000006784b40, 0x00000000067875a0]
Event: 28.698 Thread 0x000000001938a000 6311       3       org.gradle.api.internal.artifacts.ivyservice.ivyresolve.ErrorHandlingModuleComponentRepository$ErrorHandlingModuleComponentRepositoryAccess::estimateMetadataFetchingCost (11 bytes)
Event: 28.699 Thread 0x000000001938a000 nmethod 6311 0x000000000677c6d0 code [0x000000000677c840, 0x000000000677ca68]
Event: 28.699 Thread 0x000000001938a000 6312       3       org.gradle.api.internal.artifacts.ivyservice.ivyresolve.CachingModuleComponentRepository$LocateInCacheRepositoryAccess::estimateMetadataFetchingCost (171 bytes)
Event: 28.701 Thread 0x000000001938a000 nmethod 6312 0x000000000678aa10 code [0x000000000678ae80, 0x000000000678d728]
Event: 28.797 Thread 0x000000001938a000 6313       3       org.gradle.api.internal.artifacts.repositories.resolver.MetadataFetchingCost::isFast (13 bytes)
Event: 28.798 Thread 0x000000001938a000 nmethod 6313 0x000000000677c350 code [0x000000000677c4a0, 0x000000000677c650]
Event: 28.799 Thread 0x000000001938a000 6314       3       java.io.DataInputStream::read (11 bytes)
Event: 28.799 Thread 0x000000001938a000 nmethod 6314 0x000000000677bed0 code [0x000000000677c040, 0x000000000677c268]

GC Heap History (10 events):
Event: 7.913 GC heap before
{Heap before GC invocations=8 (full 2):
 PSYoungGen      total 118272K, used 12285K [0x00000000e0000000, 0x00000000e8380000, 0x0000000100000000)
  eden space 105984K, 0% used [0x00000000e0000000,0x00000000e0000000,0x00000000e6780000)
  from space 12288K, 99% used [0x00000000e7600000,0x00000000e81ff6d8,0x00000000e8200000)
  to   space 14336K, 0% used [0x00000000e6780000,0x00000000e6780000,0x00000000e7580000)
 ParOldGen       total 104448K, used 11974K [0x00000000a0000000, 0x00000000a6600000, 0x00000000e0000000)
  object space 104448K, 11% used [0x00000000a0000000,0x00000000a0bb1920,0x00000000a6600000)
 Metaspace       used 34443K, capacity 35200K, committed 35416K, reserved 1079296K
  class space    used 4726K, capacity 4905K, committed 4992K, reserved 1048576K
Event: 7.982 GC heap after
Heap after GC invocations=8 (full 2):
 PSYoungGen      total 118272K, used 0K [0x00000000e0000000, 0x00000000e8380000, 0x0000000100000000)
  eden space 105984K, 0% used [0x00000000e0000000,0x00000000e0000000,0x00000000e6780000)
  from space 12288K, 0% used [0x00000000e7600000,0x00000000e7600000,0x00000000e8200000)
  to   space 14336K, 0% used [0x00000000e6780000,0x00000000e6780000,0x00000000e7580000)
 ParOldGen       total 104448K, used 19677K [0x00000000a0000000, 0x00000000a6600000, 0x00000000e0000000)
  object space 104448K, 18% used [0x00000000a0000000,0x00000000a1337498,0x00000000a6600000)
 Metaspace       used 34420K, capacity 35122K, committed 35416K, reserved 1079296K
  class space    used 4718K, capacity 4892K, committed 4992K, reserved 1048576K
}
Event: 13.292 GC heap before
{Heap before GC invocations=9 (full 2):
 PSYoungGen      total 118272K, used 105984K [0x00000000e0000000, 0x00000000e8380000, 0x0000000100000000)
  eden space 105984K, 100% used [0x00000000e0000000,0x00000000e6780000,0x00000000e6780000)
  from space 12288K, 0% used [0x00000000e7600000,0x00000000e7600000,0x00000000e8200000)
  to   space 14336K, 0% used [0x00000000e6780000,0x00000000e6780000,0x00000000e7580000)
 ParOldGen       total 104448K, used 19677K [0x00000000a0000000, 0x00000000a6600000, 0x00000000e0000000)
  object space 104448K, 18% used [0x00000000a0000000,0x00000000a1337498,0x00000000a6600000)
 Metaspace       used 45114K, capacity 46108K, committed 46552K, reserved 1089536K
  class space    used 6046K, capacity 6290K, committed 6400K, reserved 1048576K
Event: 13.300 GC heap after
Heap after GC invocations=9 (full 2):
 PSYoungGen      total 120320K, used 14085K [0x00000000e0000000, 0x00000000ea680000, 0x0000000100000000)
  eden space 105984K, 0% used [0x00000000e0000000,0x00000000e0000000,0x00000000e6780000)
  from space 14336K, 98% used [0x00000000e6780000,0x00000000e7541740,0x00000000e7580000)
  to   space 15872K, 0% used [0x00000000e9700000,0x00000000e9700000,0x00000000ea680000)
 ParOldGen       total 104448K, used 19685K [0x00000000a0000000, 0x00000000a6600000, 0x00000000e0000000)
  object space 104448K, 18% used [0x00000000a0000000,0x00000000a1339498,0x00000000a6600000)
 Metaspace       used 45114K, capacity 46108K, committed 46552K, reserved 1089536K
  class space    used 6046K, capacity 6290K, committed 6400K, reserved 1048576K
}
Event: 24.001 GC heap before
{Heap before GC invocations=10 (full 2):
 PSYoungGen      total 120320K, used 120069K [0x00000000e0000000, 0x00000000ea680000, 0x0000000100000000)
  eden space 105984K, 100% used [0x00000000e0000000,0x00000000e6780000,0x00000000e6780000)
  from space 14336K, 98% used [0x00000000e6780000,0x00000000e7541740,0x00000000e7580000)
  to   space 15872K, 0% used [0x00000000e9700000,0x00000000e9700000,0x00000000ea680000)
 ParOldGen       total 104448K, used 19685K [0x00000000a0000000, 0x00000000a6600000, 0x00000000e0000000)
  object space 104448K, 18% used [0x00000000a0000000,0x00000000a1339498,0x00000000a6600000)
 Metaspace       used 53014K, capacity 54538K, committed 54616K, reserved 1095680K
  class space    used 7149K, capacity 7534K, committed 7552K, reserved 1048576K
Event: 24.011 GC heap after
Heap after GC invocations=10 (full 2):
 PSYoungGen      total 149504K, used 15841K [0x00000000e0000000, 0x00000000ea780000, 0x0000000100000000)
  eden space 133632K, 0% used [0x00000000e0000000,0x00000000e0000000,0x00000000e8280000)
  from space 15872K, 99% used [0x00000000e9700000,0x00000000ea678748,0x00000000ea680000)
  to   space 18944K, 0% used [0x00000000e8280000,0x00000000e8280000,0x00000000e9500000)
 ParOldGen       total 104448K, used 22350K [0x00000000a0000000, 0x00000000a6600000, 0x00000000e0000000)
  object space 104448K, 21% used [0x00000000a0000000,0x00000000a15d3830,0x00000000a6600000)
 Metaspace       used 53014K, capacity 54538K, committed 54616K, reserved 1095680K
  class space    used 7149K, capacity 7534K, committed 7552K, reserved 1048576K
}
Event: 27.152 GC heap before
{Heap before GC invocations=11 (full 2):
 PSYoungGen      total 149504K, used 89915K [0x00000000e0000000, 0x00000000ea780000, 0x0000000100000000)
  eden space 133632K, 55% used [0x00000000e0000000,0x00000000e48567a8,0x00000000e8280000)
  from space 15872K, 99% used [0x00000000e9700000,0x00000000ea678748,0x00000000ea680000)
  to   space 18944K, 0% used [0x00000000e8280000,0x00000000e8280000,0x00000000e9500000)
 ParOldGen       total 104448K, used 22350K [0x00000000a0000000, 0x00000000a6600000, 0x00000000e0000000)
  object space 104448K, 21% used [0x00000000a0000000,0x00000000a15d3830,0x00000000a6600000)
 Metaspace       used 57101K, capacity 58916K, committed 59028K, reserved 1099776K
  class space    used 7679K, capacity 8128K, committed 8192K, reserved 1048576K
Event: 27.167 GC heap after
Heap after GC invocations=11 (full 2):
 PSYoungGen      total 152576K, used 18932K [0x00000000e0000000, 0x00000000ea780000, 0x0000000100000000)
  eden space 133632K, 0% used [0x00000000e0000000,0x00000000e0000000,0x00000000e8280000)
  from space 18944K, 99% used [0x00000000e8280000,0x00000000e94fd070,0x00000000e9500000)
  to   space 15872K, 0% used [0x00000000e9700000,0x00000000e9700000,0x00000000ea680000)
 ParOldGen       total 104448K, used 22982K [0x00000000a0000000, 0x00000000a6600000, 0x00000000e0000000)
  object space 104448K, 22% used [0x00000000a0000000,0x00000000a1671a80,0x00000000a6600000)
 Metaspace       used 57101K, capacity 58916K, committed 59028K, reserved 1099776K
  class space    used 7679K, capacity 8128K, committed 8192K, reserved 1048576K
}
Event: 27.167 GC heap before
{Heap before GC invocations=12 (full 3):
 PSYoungGen      total 152576K, used 18932K [0x00000000e0000000, 0x00000000ea780000, 0x0000000100000000)
  eden space 133632K, 0% used [0x00000000e0000000,0x00000000e0000000,0x00000000e8280000)
  from space 18944K, 99% used [0x00000000e8280000,0x00000000e94fd070,0x00000000e9500000)
  to   space 15872K, 0% used [0x00000000e9700000,0x00000000e9700000,0x00000000ea680000)
 ParOldGen       total 104448K, used 22982K [0x00000000a0000000, 0x00000000a6600000, 0x00000000e0000000)
  object space 104448K, 22% used [0x00000000a0000000,0x00000000a1671a80,0x00000000a6600000)
 Metaspace       used 57101K, capacity 58916K, committed 59028K, reserved 1099776K
  class space    used 7679K, capacity 8128K, committed 8192K, reserved 1048576K
Event: 27.375 GC heap after
Heap after GC invocations=12 (full 3):
 PSYoungGen      total 152576K, used 0K [0x00000000e0000000, 0x00000000ea780000, 0x0000000100000000)
  eden space 133632K, 0% used [0x00000000e0000000,0x00000000e0000000,0x00000000e8280000)
  from space 18944K, 0% used [0x00000000e8280000,0x00000000e8280000,0x00000000e9500000)
  to   space 15872K, 0% used [0x00000000e9700000,0x00000000e9700000,0x00000000ea680000)
 ParOldGen       total 104448K, used 36319K [0x00000000a0000000, 0x00000000a6600000, 0x00000000e0000000)
  object space 104448K, 34% used [0x00000000a0000000,0x00000000a2377db0,0x00000000a6600000)
 Metaspace       used 57101K, capacity 58916K, committed 59028K, reserved 1099776K
  class space    used 7679K, capacity 8128K, committed 8192K, reserved 1048576K
}

Deoptimization events (10 events):
Event: 27.497 Thread 0x000000001d95f000 Uncommon trap: reason=bimorphic action=maybe_recompile pc=0x0000000005c53640 method=java.util.regex.Pattern$5.isSatisfiedBy(I)Z @ 16
Event: 27.497 Thread 0x000000001d95f000 Uncommon trap: reason=bimorphic action=maybe_recompile pc=0x0000000005c53640 method=java.util.regex.Pattern$5.isSatisfiedBy(I)Z @ 16
Event: 27.497 Thread 0x000000001d95f000 Uncommon trap: reason=bimorphic action=maybe_recompile pc=0x0000000005c53640 method=java.util.regex.Pattern$5.isSatisfiedBy(I)Z @ 16
Event: 27.497 Thread 0x000000001d95f000 Uncommon trap: reason=bimorphic action=maybe_recompile pc=0x0000000005c53640 method=java.util.regex.Pattern$5.isSatisfiedBy(I)Z @ 16
Event: 27.733 Thread 0x000000001d95f000 Uncommon trap: reason=unstable_if action=reinterpret pc=0x00000000066e61ac method=java.lang.reflect.Constructor.newInstance([Ljava/lang/Object;)Ljava/lang/Object; @ 18
Event: 27.750 Thread 0x000000001d95f000 Uncommon trap: reason=unstable_if action=reinterpret pc=0x0000000005b6a3ac method=java.io.DataInputStream.readUTF(Ljava/io/DataInput;)Ljava/lang/String; @ 31
Event: 28.040 Thread 0x000000001d95f000 Uncommon trap: reason=unstable_if action=reinterpret pc=0x0000000005c0e028 method=java.util.regex.Pattern$BmpCharProperty.match(Ljava/util/regex/Matcher;ILjava/lang/CharSequence;)Z @ 34
Event: 28.046 Thread 0x000000001d95f000 Uncommon trap: reason=unstable_if action=reinterpret pc=0x0000000006495cb0 method=com.sun.org.apache.xerces.internal.impl.XMLEntityScanner.scanLiteral(ILcom/sun/org/apache/xerces/internal/xni/XMLString;Z)I @ 660
Event: 28.053 Thread 0x000000001d95f000 Uncommon trap: reason=unstable_if action=reinterpret pc=0x000000000649eec0 method=com.sun.org.apache.xerces.internal.util.SymbolTable.addSymbol([CII)Ljava/lang/String; @ 38
Event: 28.142 Thread 0x000000001d95f000 Uncommon trap: reason=predicate action=maybe_recompile pc=0x00000000066e4338 method=java.util.AbstractCollection.toArray([Ljava/lang/Object;)[Ljava/lang/Object; @ 49

Classes redefined (0 events):
No events

Internal exceptions (10 events):
Event: 26.331 Thread 0x000000001d95f000 Exception <a 'java/lang/ClassNotFoundException': com/android/build/gradle/internal/api/LibraryVariantOutputImplCustomizer> (0x00000000e2a0efb8) thrown at [D:\src\AOSP-openjdk-cygwin\jdk8u\hotspot\src\share\vm\classfile\systemDictionary.cpp, line 210]
Event: 26.332 Thread 0x000000001d95f000 Exception <a 'java/lang/ClassNotFoundException': com/android/build/gradle/internal/api/LibraryVariantOutputImpl_DecoratedCustomizer> (0x00000000e2a3b518) thrown at [D:\src\AOSP-openjdk-cygwin\jdk8u\hotspot\src\share\vm\classfile\systemDictionary.cpp, line
Event: 26.688 Thread 0x000000001d95f000 Exception <a 'java/lang/ClassNotFoundException': build_2y9df17q0xzwc28lu342dixecBeanInfo> (0x00000000e33570a0) thrown at [D:\src\AOSP-openjdk-cygwin\jdk8u\hotspot\src\share\vm\classfile\systemDictionary.cpp, line 210]
Event: 26.689 Thread 0x000000001d95f000 Exception <a 'java/lang/ClassNotFoundException': build_2y9df17q0xzwc28lu342dixecCustomizer> (0x00000000e3362d30) thrown at [D:\src\AOSP-openjdk-cygwin\jdk8u\hotspot\src\share\vm\classfile\systemDictionary.cpp, line 210]
Event: 26.921 Thread 0x000000001d95f000 Exception <a 'java/lang/ClassNotFoundException': org/gradle/api/JavaVersionBeanInfo> (0x00000000e3936c08) thrown at [D:\src\AOSP-openjdk-cygwin\jdk8u\hotspot\src\share\vm\classfile\systemDictionary.cpp, line 210]
Event: 26.921 Thread 0x000000001d95f000 Exception <a 'java/lang/ClassNotFoundException': java/lang/EnumBeanInfo> (0x00000000e39404b8) thrown at [D:\src\AOSP-openjdk-cygwin\jdk8u\hotspot\src\share\vm\classfile\systemDictionary.cpp, line 210]
Event: 26.921 Thread 0x000000001d95f000 Exception <a 'java/lang/ClassNotFoundException': java/lang/EnumCustomizer> (0x00000000e394a088) thrown at [D:\src\AOSP-openjdk-cygwin\jdk8u\hotspot\src\share\vm\classfile\systemDictionary.cpp, line 210]
Event: 26.922 Thread 0x000000001d95f000 Exception <a 'java/lang/ClassNotFoundException': org/gradle/api/JavaVersionCustomizer> (0x00000000e3979ff8) thrown at [D:\src\AOSP-openjdk-cygwin\jdk8u\hotspot\src\share\vm\classfile\systemDictionary.cpp, line 210]
Event: 27.532 Thread 0x000000001d95f000 Exception <a 'java/lang/ClassNotFoundException': com/sun/org/glassfish/hk2/osgiresourcelocator/ServiceLoader> (0x00000000e07cc8b0) thrown at [D:\src\AOSP-openjdk-cygwin\jdk8u\hotspot\src\share\vm\classfile\systemDictionary.cpp, line 210]
Event: 27.579 Thread 0x000000001d95f000 Exception <a 'java/lang/NullPointerException'> (0x00000000e0d4ea58) thrown at [D:\src\AOSP-openjdk-cygwin\jdk8u\hotspot\src\share\vm\interpreter\linkResolver.cpp, line 1287]

Events (10 events):
Event: 28.205 loading class org/gradle/language/base/internal/tasks/SimpleStaleClassCleaner
Event: 28.205 loading class org/gradle/language/base/internal/tasks/SimpleStaleClassCleaner done
Event: 28.205 loading class org/gradle/api/internal/file/copy/DestinationRootCopySpec
Event: 28.205 loading class org/gradle/api/internal/file/copy/DestinationRootCopySpec done
Event: 28.448 loading class org/gradle/api/internal/file/copy/DelegatingCopySpecInternal
Event: 28.448 loading class org/gradle/api/internal/file/copy/DelegatingCopySpecInternal done
Event: 28.502 Thread 0x000000001d95f000 DEOPT PACKING pc=0x00000000063fcfb0 sp=0x000000001f307d80
Event: 28.502 Thread 0x000000001d95f000 DEOPT UNPACKING pc=0x00000000056075d0 sp=0x000000001f307b78 mode 0
Event: 28.504 loading class org/gradle/api/plugins/JavaBasePlugin$4$1
Event: 28.504 loading class org/gradle/api/plugins/JavaBasePlugin$4$1 done


Dynamic libraries:
0x00007ff6c7d00000 - 0x00007ff6c7d31000 	D:\android studio\jre\bin\java.exe
0x00007ffd01230000 - 0x00007ffd01410000 	C:\windows\SYSTEM32\ntdll.dll
0x00007ffcfe6a0000 - 0x00007ffcfe74e000 	C:\windows\System32\KERNEL32.DLL
0x00007ffcfd340000 - 0x00007ffcfd5a6000 	C:\windows\System32\KERNELBASE.dll
0x00007ffd003c0000 - 0x00007ffd00461000 	C:\windows\System32\ADVAPI32.dll
0x00007ffd00d20000 - 0x00007ffd00dbd000 	C:\windows\System32\msvcrt.dll
0x00007ffd00120000 - 0x00007ffd0017b000 	C:\windows\System32\sechost.dll
0x00007ffcfe8b0000 - 0x00007ffcfe9cf000 	C:\windows\System32\RPCRT4.dll
0x00007ffd00ed0000 - 0x00007ffd0105f000 	C:\windows\System32\USER32.dll
0x00007ffcfe160000 - 0x00007ffcfe180000 	C:\windows\System32\win32u.dll
0x00007ffd002b0000 - 0x00007ffd002d8000 	C:\windows\System32\GDI32.dll
0x00007ffcfdf80000 - 0x00007ffcfe113000 	C:\windows\System32\gdi32full.dll
0x00007ffcfde60000 - 0x00007ffcfdefb000 	C:\windows\System32\msvcp_win.dll
0x00007ffcfe180000 - 0x00007ffcfe274000 	C:\windows\System32\ucrtbase.dll
0x00007ffcf0520000 - 0x00007ffcf0789000 	C:\windows\WinSxS\amd64_microsoft.windows.common-controls_6595b64144ccf1df_6.0.16299.1087_none_0f9074b65a6589b7\COMCTL32.dll
0x00007ffd00920000 - 0x00007ffd00c26000 	C:\windows\System32\combase.dll
0x00007ffcfdf00000 - 0x00007ffcfdf72000 	C:\windows\System32\bcryptPrimitives.dll
0x00007ffd00cf0000 - 0x00007ffd00d1d000 	C:\windows\System32\IMM32.DLL
0x0000000072030000 - 0x0000000072102000 	D:\android studio\jre\jre\bin\msvcr100.dll
0x0000000072110000 - 0x0000000072956000 	D:\android studio\jre\jre\bin\server\jvm.dll
0x00007ffcfe120000 - 0x00007ffcfe143000 	C:\windows\System32\WINMM.dll
0x00007ffcfd2f0000 - 0x00007ffcfd31a000 	C:\windows\System32\WINMMBASE.dll
0x00007ffcdf3c0000 - 0x00007ffcdf3c9000 	C:\windows\SYSTEM32\WSOCK32.dll
0x00007ffcfe330000 - 0x00007ffcfe37a000 	C:\windows\System32\cfgmgr32.dll
0x00007ffcfeb40000 - 0x00007ffcfebac000 	C:\windows\System32\WS2_32.dll
0x00007ffd00180000 - 0x00007ffd00188000 	C:\windows\System32\PSAPI.DLL
0x00007ffcfc010000 - 0x00007ffcfc01a000 	C:\windows\SYSTEM32\VERSION.dll
0x00007ffcfc100000 - 0x00007ffcfc10f000 	D:\android studio\jre\jre\bin\verify.dll
0x00007ffcf9f50000 - 0x00007ffcf9f79000 	D:\android studio\jre\jre\bin\java.dll
0x00007ffcf8890000 - 0x00007ffcf88a6000 	D:\android studio\jre\jre\bin\zip.dll
0x00007ffcfec40000 - 0x00007ffd00078000 	C:\windows\System32\SHELL32.dll
0x00007ffd00200000 - 0x00007ffd002a6000 	C:\windows\System32\shcore.dll
0x00007ffcfd5b0000 - 0x00007ffcfdcf7000 	C:\windows\System32\windows.storage.dll
0x00007ffd00470000 - 0x00007ffd004c1000 	C:\windows\System32\shlwapi.dll
0x00007ffcfd2d0000 - 0x00007ffcfd2e1000 	C:\windows\System32\kernel.appcore.dll
0x00007ffcfdd60000 - 0x00007ffcfddac000 	C:\windows\System32\powrprof.dll
0x00007ffcfd2b0000 - 0x00007ffcfd2cb000 	C:\windows\System32\profapi.dll
0x00007ffcf8870000 - 0x00007ffcf888a000 	D:\android studio\jre\jre\bin\net.dll
0x00007ffcfcab0000 - 0x00007ffcfcb16000 	C:\windows\system32\mswsock.dll
0x00007ffce6e60000 - 0x00007ffce6e71000 	D:\android studio\jre\jre\bin\nio.dll
0x00007ffce1600000 - 0x00007ffce1626000 	C:\Users\Administrator\.gradle\native\29\windows-amd64\native-platform.dll
0x00007ffcfc0f0000 - 0x00007ffcfc0fd000 	D:\android studio\jre\jre\bin\management.dll
0x00007ffcfcc80000 - 0x00007ffcfcc97000 	C:\windows\SYSTEM32\CRYPTSP.dll
0x00007ffcfc6b0000 - 0x00007ffcfc6e3000 	C:\windows\system32\rsaenh.dll
0x00007ffcfcd80000 - 0x00007ffcfcda5000 	C:\windows\SYSTEM32\bcrypt.dll
0x00007ffcfd1b0000 - 0x00007ffcfd1d9000 	C:\windows\SYSTEM32\USERENV.dll
0x00007ffcfcc70000 - 0x00007ffcfcc7b000 	C:\windows\SYSTEM32\CRYPTBASE.dll
0x00007ffcfc840000 - 0x00007ffcfc879000 	C:\windows\SYSTEM32\IPHLPAPI.DLL
0x00007ffd00190000 - 0x00007ffd00198000 	C:\windows\System32\NSI.dll
0x00007ffcf8440000 - 0x00007ffcf8456000 	C:\windows\SYSTEM32\dhcpcsvc6.DLL
0x00007ffcf8420000 - 0x00007ffcf843a000 	C:\windows\SYSTEM32\dhcpcsvc.DLL

VM Arguments:
jvm_args: -Xmx1536m -Dfile.encoding=GBK -Duser.country=CN -Duser.language=zh -Duser.variant 
java_command: org.gradle.launcher.daemon.bootstrap.GradleDaemon 5.4.1
java_class_path (initial): C:\Users\Administrator\.gradle\wrapper\dists\gradle-5.4.1-all\3221gyojl5jsh0helicew7rwx\gradle-5.4.1\lib\gradle-launcher-5.4.1.jar
Launcher Type: SUN_STANDARD

Environment Variables:
PATH=C:\Program Files\Java\jdk1.8.0_181\bin;C:\ProgramData\DockerDesktop\version-bin;C:\Program Files\Docker\Docker\Resources\bin;D:\Python\Python37\Scripts\;D:\Python\Python37\;C:\windows\system32;C:\windows;C:\windows\System32\Wbem;C:\windows\System32\WindowsPowerShell\v1.0\;C:\Program Files (x86)\NVIDIA Corporation\PhysX\Common;C:\Program Files\TortoiseSVN\bin;C:\Program Files\NVIDIA Corporation\NVIDIA NvDLISR;D:\home\Redis\;D:\Git\cmd;C:\php;C:\Apache24;C:\Apache24\bin;C:\Users\Administrator\AppData\Local\Microsoft\WindowsApps;;D:\JETBrain\Python_professional\PyCharm 2019.2\bin;;D:\phpstorm\PhpStorm 2019.2.5\bin;;D:\JETBrain\Python\PyCharm Community Edition 2019.2\bin;
USERNAME=Administrator
OS=Windows_NT
PROCESSOR_IDENTIFIER=Intel64 Family 6 Model 158 Stepping 9, GenuineIntel



---------------  S Y S T E M  ---------------

OS: Windows 10.0 , 64 bit Build 16299 (10.0.16299.1087)

CPU:total 8 (initial active 8) (4 cores per cpu, 2 threads per core) family 6 model 158 stepping 9, cmov, cx8, fxsr, mmx, sse, sse2, sse3, ssse3, sse4.1, sse4.2, popcnt, avx, avx2, aes, clmul, erms, rtm, 3dnowpref, lzcnt, ht, tsc, tscinvbit, bmi1, bmi2, adx

Memory: 4k page, physical 16641964k(270832k free), swap 25030572k(4580k free)

vm_info: OpenJDK 64-Bit Server VM (25.202-b03) for windows-amd64 JRE (1.8.0_202-release-1483-b03), built by "builder" with MS VC++ 10.0 (VS2010)

time: Mon Nov 25 08:45:00 2019
timezone: 中国标准时间
elapsed time: 29 seconds (0d 0h 0m 29s)

