#
# There is insufficient memory for the Java Runtime Environment to continue.
# Native memory allocation (malloc) failed to allocate 65552 bytes for Chunk::new
# Possible reasons:
#   The system is out of physical RAM or swap space
#   The process is running with CompressedOops enabled, and the Java Heap may be blocking the growth of the native heap
# Possible solutions:
#   Reduce memory load on the system
#   Increase physical memory or swap space
#   Check if swap backing store is full
#   Decrease Java heap size (-Xmx/-Xms)
#   Decrease number of Java threads
#   Decrease Java thread stack sizes (-Xss)
#   Set larger code cache with -XX:ReservedCodeCacheSize=
#   JVM is running with Unscaled Compressed Oops mode in which the Java heap is
#     placed in the first 4GB address space. The Java Heap base address is the
#     maximum limit for the native heap growth. Please use -XX:HeapBaseMinAddress
#     to set the Java Heap base and to place the Java Heap above 4GB virtual address.
# This output file may be truncated or incomplete.
#
#  Out of Memory Error (allocation.cpp:389), pid=202320, tid=0x0000000000031ae4
#
# JRE version: OpenJDK Runtime Environment (8.0_202-b03) (build 1.8.0_202-release-1483-b03)
# Java VM: OpenJDK 64-Bit Server VM (25.202-b03 mixed mode windows-amd64 compressed oops)
# Failed to write core dump. Minidumps are not enabled by default on client versions of Windows
#

---------------  T H R E A D  ---------------

Current thread (0x000000001af8f000):  JavaThread "C2 CompilerThread0" daemon [_thread_in_native, id=203492, stack(0x000000001b7b0000,0x000000001b8b0000)]

Stack: [0x000000001b7b0000,0x000000001b8b0000]
[error occurred during error reporting (printing stack bounds), id 0xc0000005]

Native frames: (J=compiled Java code, j=interpreted, Vv=VM code, C=native code)


Current CompileTask:
C2:  17791 10404   !   4       org.gradle.internal.metaobject.BeanDynamicObject$MetaClassAdapter::getProperty (211 bytes)


---------------  P R O C E S S  ---------------

Java Threads: ( => current thread )
  0x000000001d8ac800 JavaThread "Cache worker for Build Output Cleanup Cache (D:\Chrome\plutonem-fluxc-android\.gradle\buildOutputCleanup)" [_thread_blocked, id=204324, stack(0x000000002b210000,0x000000002b310000)]
  0x000000001d8b2800 JavaThread "pool-4-thread-1" [_thread_blocked, id=204316, stack(0x000000002b110000,0x000000002b210000)]
  0x000000001d8ac000 JavaThread "Build operations Thread 8" [_thread_blocked, id=204212, stack(0x000000002b010000,0x000000002b110000)]
  0x000000001d8b2000 JavaThread "Build operations Thread 7" [_thread_blocked, id=204208, stack(0x000000002af10000,0x000000002b010000)]
  0x000000001e460000 JavaThread "Build operations Thread 6" [_thread_blocked, id=204200, stack(0x000000002ae10000,0x000000002af10000)]
  0x000000001e461800 JavaThread "Build operations Thread 5" [_thread_blocked, id=204196, stack(0x000000002ad10000,0x000000002ae10000)]
  0x000000001e45f000 JavaThread "Build operations Thread 4" [_thread_blocked, id=204192, stack(0x000000002ac10000,0x000000002ad10000)]
  0x000000001e462000 JavaThread "Build operations Thread 3" [_thread_blocked, id=204188, stack(0x000000002ab10000,0x000000002ac10000)]
  0x000000001e45d000 JavaThread "Build operations Thread 2" [_thread_blocked, id=204184, stack(0x000000002aa10000,0x000000002ab10000)]
  0x000000001e45c000 JavaThread "Build operations" [_thread_blocked, id=204180, stack(0x000000002a910000,0x000000002aa10000)]
  0x000000001e454800 JavaThread "Cache worker for cache directory md-rule (C:\Users\Administrator\.gradle\caches\5.4.1\md-rule)" [_thread_blocked, id=204140, stack(0x000000002a810000,0x000000002a910000)]
  0x000000001e45a800 JavaThread "Cache worker for cache directory md-supplier (C:\Users\Administrator\.gradle\caches\5.4.1\md-supplier)" [_thread_blocked, id=204136, stack(0x000000002a710000,0x000000002a810000)]
  0x000000001e457800 JavaThread "Cache worker for file hash cache (D:\Chrome\plutonem-fluxc-android\.gradle\5.4.1\fileHashes)" [_thread_blocked, id=204128, stack(0x000000002a610000,0x000000002a710000)]
  0x000000001e45b800 JavaThread "Thread-31" [_thread_blocked, id=204124, stack(0x000000002a510000,0x000000002a610000)]
  0x000000001e453000 JavaThread "Stdin handler" [_thread_blocked, id=204120, stack(0x000000002a410000,0x000000002a510000)]
  0x000000001e456000 JavaThread "Asynchronous log dispatcher for DefaultDaemonConnection: socket connection from /127.0.0.1:59440 to /127.0.0.1:59456" [_thread_blocked, id=204116, stack(0x000000002a310000,0x000000002a410000)]
  0x000000001e454000 JavaThread "Cancel handler" [_thread_blocked, id=204104, stack(0x000000002a210000,0x000000002a310000)]
  0x000000001e455800 JavaThread "Handler for socket connection from /127.0.0.1:59440 to /127.0.0.1:59456" [_thread_in_native, id=204088, stack(0x0000000029450000,0x0000000029550000)]
  0x000000001e457000 JavaThread "Memory manager" [_thread_blocked, id=203800, stack(0x0000000027a40000,0x0000000027b40000)]
  0x000000001e459000 JavaThread "Cache worker for execution history cache (C:\Users\Administrator\.gradle\caches\5.4.1\executionHistory)" [_thread_blocked, id=203580, stack(0x0000000023850000,0x0000000023950000)]
  0x000000001d8b0800 JavaThread "Cache worker for journal cache (C:\Users\Administrator\.gradle\caches\journal-1)" [_thread_blocked, id=201976, stack(0x000000001f910000,0x000000001fa10000)]
  0x000000001d8ae000 JavaThread "File lock request listener" [_thread_in_native, id=203624, stack(0x000000001f810000,0x000000001f910000)]
  0x000000001d8ad800 JavaThread "Cache worker for file hash cache (C:\Users\Administrator\.gradle\caches\5.4.1\fileHashes)" [_thread_blocked, id=196356, stack(0x000000001f510000,0x000000001f610000)]
  0x000000001d948000 JavaThread "Daemon worker" [_thread_in_native, id=202188, stack(0x000000001f010000,0x000000001f110000)]
  0x000000001d11a800 JavaThread "Daemon" [_thread_blocked, id=202160, stack(0x000000001eb10000,0x000000001ec10000)]
  0x000000001ce63800 JavaThread "Daemon periodic checks" [_thread_blocked, id=192728, stack(0x000000001ea10000,0x000000001eb10000)]
  0x000000001ce63000 JavaThread "Incoming local TCP Connector on port 59440" [_thread_in_native, id=203080, stack(0x000000001e870000,0x000000001e970000)]
  0x000000001cb2c800 JavaThread "Daemon health stats" [_thread_blocked, id=203172, stack(0x000000001d580000,0x000000001d680000)]
  0x000000001916e800 JavaThread "Service Thread" daemon [_thread_blocked, id=202796, stack(0x000000001bbb0000,0x000000001bcb0000)]
  0x000000001916d000 JavaThread "C1 CompilerThread3" daemon [_thread_blocked, id=192936, stack(0x000000001bab0000,0x000000001bbb0000)]
  0x0000000019169000 JavaThread "C2 CompilerThread2" daemon [_thread_in_native, id=203484, stack(0x000000001b9b0000,0x000000001bab0000)]
  0x000000001af92000 JavaThread "C2 CompilerThread1" daemon [_thread_blocked, id=203448, stack(0x000000001b8b0000,0x000000001b9b0000)]
=>0x000000001af8f000 JavaThread "C2 CompilerThread0" daemon [_thread_in_native, id=203492, stack(0x000000001b7b0000,0x000000001b8b0000)]
  0x000000001af8a800 JavaThread "Attach Listener" daemon [_thread_blocked, id=202164, stack(0x000000001b6b0000,0x000000001b7b0000)]
  0x000000001af76800 JavaThread "Signal Dispatcher" daemon [_thread_blocked, id=203724, stack(0x000000001b5b0000,0x000000001b6b0000)]
  0x000000000539d800 JavaThread "Finalizer" daemon [_thread_blocked, id=203460, stack(0x000000001b450000,0x000000001b550000)]
  0x0000000005394000 JavaThread "Reference Handler" daemon [_thread_blocked, id=203588, stack(0x000000001b350000,0x000000001b450000)]
  0x0000000004f3d800 JavaThread "main" [_thread_blocked, id=201920, stack(0x0000000004df0000,0x0000000004ef0000)]

Other Threads:
  0x0000000019159000 VMThread [stack: 0x000000001ae50000,0x000000001af50000] [id=203420]
  0x000000001aff5800 WatcherThread [stack: 0x000000001bcb0000,0x000000001bdb0000] [id=203188]

VM state:not at safepoint (normal execution)

VM Mutex/Monitor currently owned by a thread: None

heap address: 0x00000000a0000000, size: 1536 MB, Compressed Oops mode: 32-bit
Narrow klass base: 0x0000000000000000, Narrow klass shift: 3
Compressed class space size: 1073741824 Address: 0x0000000100000000

Heap:
 PSYoungGen      total 195584K, used 57553K [0x00000000e0000000, 0x00000000ee680000, 0x0000000100000000)
  eden space 162816K, 15% used [0x00000000e0000000,0x00000000e183c1d8,0x00000000e9f00000)
  from space 32768K, 99% used [0x00000000e9f00000,0x00000000ebef8578,0x00000000ebf00000)
  to   space 25088K, 0% used [0x00000000ebf00000,0x00000000ebf00000,0x00000000ed780000)
 ParOldGen       total 280064K, used 56807K [0x00000000a0000000, 0x00000000b1180000, 0x00000000e0000000)
  object space 280064K, 20% used [0x00000000a0000000,0x00000000a3779e88,0x00000000b1180000)
 Metaspace       used 75353K, capacity 78910K, committed 79256K, reserved 1118208K
  class space    used 10075K, capacity 10845K, committed 10920K, reserved 1048576K

Card table byte_map: [0x0000000014760000,0x0000000014a70000] byte_map_base: 0x0000000014260000

Marking Bits: (ParMarkBitMap*) 0x0000000053d19f30
 Begin Bits: [0x0000000015470000, 0x0000000016c70000)
 End Bits:   [0x0000000016c70000, 0x0000000018470000)

Polling page: 0x00000000035f0000

CodeCache: size=245760Kb used=29828Kb max_used=30325Kb free=215931Kb
 bounds [0x00000000053a0000, 0x0000000007190000, 0x00000000143a0000]
 total_blobs=9807 nmethods=8993 adapters=726
 compilation: enabled

Compilation events (10 events):
Event: 17.770 Thread 0x000000001916d000 nmethod 10400 0x00000000060182d0 code [0x0000000006018420, 0x0000000006018530]
Event: 17.771 Thread 0x0000000019169000 10403       4       org.gradle.internal.metaobject.BeanDynamicObject::tryGetProperty (9 bytes)
Event: 17.771 Thread 0x000000001916d000 10401       3       org.codehaus.groovy.reflection.ParameterTypes::coerceArgumentsToClasses (55 bytes)
Event: 17.771 Thread 0x000000001af8f000 10404   !   4       org.gradle.internal.metaobject.BeanDynamicObject$MetaClassAdapter::getProperty (211 bytes)
Event: 17.771 Thread 0x000000001916d000 nmethod 10401 0x0000000005e89310 code [0x0000000005e894a0, 0x0000000005e899f8]
Event: 17.772 Thread 0x000000001916d000 10402       3       org.codehaus.groovy.reflection.CachedClass::getHierarchy (11 bytes)
Event: 17.772 Thread 0x000000001916d000 nmethod 10402 0x00000000059b7690 code [0x00000000059b7800, 0x00000000059b7b08]
Event: 17.781 Thread 0x000000001af92000 nmethod 10397 0x00000000067a60d0 code [0x00000000067a6300, 0x00000000067a6d50]
Event: 17.782 Thread 0x000000001af92000 10405       4       org.gradle.api.internal.artifacts.DefaultModuleIdentifier::newId (10 bytes)
Event: 17.785 Thread 0x000000001af92000 nmethod 10405 0x0000000005e88790 code [0x0000000005e888e0, 0x0000000005e88b18]

GC Heap History (10 events):
Event: 8.507 GC heap before
{Heap before GC invocations=12 (full 3):
 PSYoungGen      total 142848K, used 18916K [0x00000000e0000000, 0x00000000ec300000, 0x0000000100000000)
  eden space 123904K, 0% used [0x00000000e0000000,0x00000000e0000000,0x00000000e7900000)
  from space 18944K, 99% used [0x00000000e7900000,0x00000000e8b79320,0x00000000e8b80000)
  to   space 23040K, 0% used [0x00000000eac80000,0x00000000eac80000,0x00000000ec300000)
 ParOldGen       total 186368K, used 27331K [0x00000000a0000000, 0x00000000ab600000, 0x00000000e0000000)
  object space 186368K, 14% used [0x00000000a0000000,0x00000000a1ab0d98,0x00000000ab600000)
 Metaspace       used 57161K, capacity 59130K, committed 59160K, reserved 1099776K
  class space    used 7699K, capacity 8208K, committed 8232K, reserved 1048576K
Event: 8.718 GC heap after
Heap after GC invocations=12 (full 3):
 PSYoungGen      total 142848K, used 0K [0x00000000e0000000, 0x00000000ec300000, 0x0000000100000000)
  eden space 123904K, 0% used [0x00000000e0000000,0x00000000e0000000,0x00000000e7900000)
  from space 18944K, 0% used [0x00000000e7900000,0x00000000e7900000,0x00000000e8b80000)
  to   space 23040K, 0% used [0x00000000eac80000,0x00000000eac80000,0x00000000ec300000)
 ParOldGen       total 280064K, used 39193K [0x00000000a0000000, 0x00000000b1180000, 0x00000000e0000000)
  object space 280064K, 13% used [0x00000000a0000000,0x00000000a26466c8,0x00000000b1180000)
 Metaspace       used 57131K, capacity 59028K, committed 59160K, reserved 1099776K
  class space    used 7690K, capacity 8191K, committed 8232K, reserved 1048576K
}
Event: 9.604 GC heap before
{Heap before GC invocations=13 (full 3):
 PSYoungGen      total 142848K, used 123904K [0x00000000e0000000, 0x00000000ec300000, 0x0000000100000000)
  eden space 123904K, 100% used [0x00000000e0000000,0x00000000e7900000,0x00000000e7900000)
  from space 18944K, 0% used [0x00000000e7900000,0x00000000e7900000,0x00000000e8b80000)
  to   space 23040K, 0% used [0x00000000eac80000,0x00000000eac80000,0x00000000ec300000)
 ParOldGen       total 280064K, used 39193K [0x00000000a0000000, 0x00000000b1180000, 0x00000000e0000000)
  object space 280064K, 13% used [0x00000000a0000000,0x00000000a26466c8,0x00000000b1180000)
 Metaspace       used 62051K, capacity 64206K, committed 64280K, reserved 1103872K
  class space    used 8454K, capacity 8984K, committed 9000K, reserved 1048576K
Event: 9.614 GC heap after
Heap after GC invocations=13 (full 3):
 PSYoungGen      total 158208K, used 9197K [0x00000000e0000000, 0x00000000eb980000, 0x0000000100000000)
  eden space 144896K, 0% used [0x00000000e0000000,0x00000000e0000000,0x00000000e8d80000)
  from space 13312K, 69% used [0x00000000eac80000,0x00000000eb57b6b0,0x00000000eb980000)
  to   space 22528K, 0% used [0x00000000e8d80000,0x00000000e8d80000,0x00000000ea380000)
 ParOldGen       total 280064K, used 39201K [0x00000000a0000000, 0x00000000b1180000, 0x00000000e0000000)
  object space 280064K, 13% used [0x00000000a0000000,0x00000000a26486c8,0x00000000b1180000)
 Metaspace       used 62051K, capacity 64206K, committed 64280K, reserved 1103872K
  class space    used 8454K, capacity 8984K, committed 9000K, reserved 1048576K
}
Event: 10.334 GC heap before
{Heap before GC invocations=14 (full 3):
 PSYoungGen      total 158208K, used 154093K [0x00000000e0000000, 0x00000000eb980000, 0x0000000100000000)
  eden space 144896K, 100% used [0x00000000e0000000,0x00000000e8d80000,0x00000000e8d80000)
  from space 13312K, 69% used [0x00000000eac80000,0x00000000eb57b6b0,0x00000000eb980000)
  to   space 22528K, 0% used [0x00000000e8d80000,0x00000000e8d80000,0x00000000ea380000)
 ParOldGen       total 280064K, used 39201K [0x00000000a0000000, 0x00000000b1180000, 0x00000000e0000000)
  object space 280064K, 13% used [0x00000000a0000000,0x00000000a26486c8,0x00000000b1180000)
 Metaspace       used 62870K, capacity 65236K, committed 65560K, reserved 1105920K
  class space    used 8552K, capacity 9134K, committed 9256K, reserved 1048576K
Event: 10.347 GC heap after
Heap after GC invocations=14 (full 3):
 PSYoungGen      total 167424K, used 22196K [0x00000000e0000000, 0x00000000ed780000, 0x0000000100000000)
  eden space 144896K, 0% used [0x00000000e0000000,0x00000000e0000000,0x00000000e8d80000)
  from space 22528K, 98% used [0x00000000e8d80000,0x00000000ea32d368,0x00000000ea380000)
  to   space 25088K, 0% used [0x00000000ebf00000,0x00000000ebf00000,0x00000000ed780000)
 ParOldGen       total 280064K, used 39201K [0x00000000a0000000, 0x00000000b1180000, 0x00000000e0000000)
  object space 280064K, 13% used [0x00000000a0000000,0x00000000a26486c8,0x00000000b1180000)
 Metaspace       used 62870K, capacity 65236K, committed 65560K, reserved 1105920K
  class space    used 8552K, capacity 9134K, committed 9256K, reserved 1048576K
}
Event: 11.527 GC heap before
{Heap before GC invocations=15 (full 3):
 PSYoungGen      total 167424K, used 167092K [0x00000000e0000000, 0x00000000ed780000, 0x0000000100000000)
  eden space 144896K, 100% used [0x00000000e0000000,0x00000000e8d80000,0x00000000e8d80000)
  from space 22528K, 98% used [0x00000000e8d80000,0x00000000ea32d368,0x00000000ea380000)
  to   space 25088K, 0% used [0x00000000ebf00000,0x00000000ebf00000,0x00000000ed780000)
 ParOldGen       total 280064K, used 39201K [0x00000000a0000000, 0x00000000b1180000, 0x00000000e0000000)
  object space 280064K, 13% used [0x00000000a0000000,0x00000000a26486c8,0x00000000b1180000)
 Metaspace       used 68549K, capacity 71318K, committed 71576K, reserved 1110016K
  class space    used 9443K, capacity 10126K, committed 10152K, reserved 1048576K
Event: 11.544 GC heap after
Heap after GC invocations=15 (full 3):
 PSYoungGen      total 187904K, used 25077K [0x00000000e0000000, 0x00000000ee680000, 0x0000000100000000)
  eden space 162816K, 0% used [0x00000000e0000000,0x00000000e0000000,0x00000000e9f00000)
  from space 25088K, 99% used [0x00000000ebf00000,0x00000000ed77d4d0,0x00000000ed780000)
  to   space 32768K, 0% used [0x00000000e9f00000,0x00000000e9f00000,0x00000000ebf00000)
 ParOldGen       total 280064K, used 50313K [0x00000000a0000000, 0x00000000b1180000, 0x00000000e0000000)
  object space 280064K, 17% used [0x00000000a0000000,0x00000000a3122410,0x00000000b1180000)
 Metaspace       used 68549K, capacity 71318K, committed 71576K, reserved 1110016K
  class space    used 9443K, capacity 10126K, committed 10152K, reserved 1048576K
}
Event: 16.643 GC heap before
{Heap before GC invocations=16 (full 3):
 PSYoungGen      total 187904K, used 187893K [0x00000000e0000000, 0x00000000ee680000, 0x0000000100000000)
  eden space 162816K, 100% used [0x00000000e0000000,0x00000000e9f00000,0x00000000e9f00000)
  from space 25088K, 99% used [0x00000000ebf00000,0x00000000ed77d4d0,0x00000000ed780000)
  to   space 32768K, 0% used [0x00000000e9f00000,0x00000000e9f00000,0x00000000ebf00000)
 ParOldGen       total 280064K, used 50313K [0x00000000a0000000, 0x00000000b1180000, 0x00000000e0000000)
  object space 280064K, 17% used [0x00000000a0000000,0x00000000a3122410,0x00000000b1180000)
 Metaspace       used 75302K, capacity 78886K, committed 79256K, reserved 1118208K
  class space    used 10072K, capacity 10841K, committed 10920K, reserved 1048576K
Event: 16.835 GC heap after
Heap after GC invocations=16 (full 3):
 PSYoungGen      total 195584K, used 32737K [0x00000000e0000000, 0x00000000ee680000, 0x0000000100000000)
  eden space 162816K, 0% used [0x00000000e0000000,0x00000000e0000000,0x00000000e9f00000)
  from space 32768K, 99% used [0x00000000e9f00000,0x00000000ebef8578,0x00000000ebf00000)
  to   space 25088K, 0% used [0x00000000ebf00000,0x00000000ebf00000,0x00000000ed780000)
 ParOldGen       total 280064K, used 56807K [0x00000000a0000000, 0x00000000b1180000, 0x00000000e0000000)
  object space 280064K, 20% used [0x00000000a0000000,0x00000000a3779e88,0x00000000b1180000)
 Metaspace       used 75302K, capacity 78886K, committed 79256K, reserved 1118208K
  class space    used 10072K, capacity 10841K, committed 10920K, reserved 1048576K
}

Deoptimization events (10 events):
Event: 16.482 Thread 0x000000001d948000 Uncommon trap: reason=bimorphic action=maybe_recompile pc=0x0000000006421580 method=com.google.common.cache.LocalCache$Segment.getLiveValue(Lcom/google/common/cache/ReferenceEntry;J)Ljava/lang/Object; @ 21
Event: 16.482 Thread 0x000000001d948000 Uncommon trap: reason=bimorphic action=maybe_recompile pc=0x0000000006421580 method=com.google.common.cache.LocalCache$Segment.getLiveValue(Lcom/google/common/cache/ReferenceEntry;J)Ljava/lang/Object; @ 21
Event: 16.514 Thread 0x000000001d948000 Uncommon trap: reason=unstable_if action=reinterpret pc=0x00000000069ac168 method=groovy.lang.MetaClassImpl.getMetaProperty(Ljava/lang/String;Z)Lgroovy/lang/MetaProperty; @ 30
Event: 16.836 Thread 0x0000000005394000 Uncommon trap: reason=unstable_if action=reinterpret pc=0x00000000058c1ab8 method=java.lang.ref.Reference.tryHandlePending(Z)Z @ 20
Event: 16.955 Thread 0x000000001d948000 Uncommon trap: reason=unstable_if action=reinterpret pc=0x0000000006fe1748 method=org.gradle.api.internal.artifacts.ivyservice.resolveengine.store.DefaultBinaryStore.write(Lorg/gradle/cache/internal/BinaryStore$WriteAction;)V @ 4
Event: 17.667 Thread 0x000000001d948000 Uncommon trap: reason=unstable_if action=reinterpret pc=0x00000000063c9114 method=org.gradle.internal.hash.HashCode.equals(Ljava/lang/Object;)Z @ 66
Event: 17.681 Thread 0x000000001d948000 Uncommon trap: reason=unstable_if action=reinterpret pc=0x00000000070c0bdc method=org.codehaus.groovy.reflection.ParameterTypes.correctArguments([Ljava/lang/Object;)[Ljava/lang/Object; @ 60
Event: 17.681 Thread 0x000000001d948000 Uncommon trap: reason=unstable_if action=reinterpret pc=0x00000000070b7f94 method=org.codehaus.groovy.runtime.typehandling.DefaultTypeTransformation.castToType(Ljava/lang/Object;Ljava/lang/Class;)Ljava/lang/Object; @ 9
Event: 17.771 Thread 0x000000001d948000 Uncommon trap: reason=unstable_if action=reinterpret pc=0x00000000070a599c method=org.codehaus.groovy.reflection.ParameterTypes.correctArguments([Ljava/lang/Object;)[Ljava/lang/Object; @ 60
Event: 17.778 Thread 0x000000001d948000 Uncommon trap: reason=null_check action=make_not_entrant pc=0x0000000006dae9b0 method=org.gradle.api.internal.collections.CollectionFilter.filter(Ljava/lang/Object;)Ljava/lang/Object; @ 5

Classes redefined (0 events):
No events

Internal exceptions (10 events):
Event: 13.754 Thread 0x000000001d11a800 Exception <a 'java/lang/NoSuchMethodError': <clinit>> (0x00000000e8e96fc0) thrown at [D:\src\AOSP-openjdk-cygwin\jdk8u\hotspot\src\share\vm\prims\jni.cpp, line 1614]
Event: 13.755 Thread 0x000000001d11a800 Exception <a 'java/lang/NoSuchMethodError': <clinit>> (0x00000000e8ea7dc0) thrown at [D:\src\AOSP-openjdk-cygwin\jdk8u\hotspot\src\share\vm\prims\jni.cpp, line 1614]
Event: 13.757 Thread 0x000000001d11a800 Exception <a 'java/lang/NoSuchMethodError': <clinit>> (0x00000000e8ec0d70) thrown at [D:\src\AOSP-openjdk-cygwin\jdk8u\hotspot\src\share\vm\prims\jni.cpp, line 1614]
Event: 13.758 Thread 0x000000001d11a800 Exception <a 'java/lang/NoSuchMethodError': <clinit>> (0x00000000e8ed1860) thrown at [D:\src\AOSP-openjdk-cygwin\jdk8u\hotspot\src\share\vm\prims\jni.cpp, line 1614]
Event: 16.427 Thread 0x000000001e455800 Exception <a 'java/lang/NoSuchMethodError': <clinit>> (0x00000000e9b97928) thrown at [D:\src\AOSP-openjdk-cygwin\jdk8u\hotspot\src\share\vm\prims\jni.cpp, line 1614]
Event: 16.430 Thread 0x000000001e455800 Exception <a 'java/lang/NoSuchMethodError': <clinit>> (0x00000000e9bb4dd8) thrown at [D:\src\AOSP-openjdk-cygwin\jdk8u\hotspot\src\share\vm\prims\jni.cpp, line 1614]
Event: 16.468 Thread 0x000000001d948000 Implicit null exception at 0x0000000006e958be to 0x0000000006e95e79
Event: 16.514 Thread 0x000000001d948000 Implicit null exception at 0x00000000069abc12 to 0x00000000069ac155
Event: 17.698 Thread 0x000000001d948000 Exception <a 'sun/nio/fs/WindowsException'> (0x00000000e0e20008) thrown at [D:\src\AOSP-openjdk-cygwin\jdk8u\hotspot\src\share\vm\prims\jni.cpp, line 710]
Event: 17.778 Thread 0x000000001d948000 Implicit null exception at 0x0000000006dae863 to 0x0000000006dae99d

Events (10 events):
Event: 17.771 Thread 0x000000001916d000 flushing nmethod 0x0000000006aaa4d0
Event: 17.771 Thread 0x000000001916d000 flushing nmethod 0x0000000006b15990
Event: 17.771 Thread 0x000000001916d000 flushing nmethod 0x0000000006b1ce50
Event: 17.772 Thread 0x000000001916d000 flushing nmethod 0x0000000006c6b890
Event: 17.772 Thread 0x000000001916d000 flushing nmethod 0x0000000006cde810
Event: 17.772 Thread 0x000000001916d000 flushing nmethod 0x0000000006ced6d0
Event: 17.772 Thread 0x000000001916d000 flushing nmethod 0x0000000006d116d0
Event: 17.778 Thread 0x000000001d948000 Uncommon trap: trap_request=0xfffffff4 fr.pc=0x0000000006dae9b0
Event: 17.778 Thread 0x000000001d948000 DEOPT PACKING pc=0x0000000006dae9b0 sp=0x000000001f10bde0
Event: 17.778 Thread 0x000000001d948000 DEOPT UNPACKING pc=0x00000000053e557b sp=0x000000001f10bd88 mode 2


Dynamic libraries:
0x00007ff7b81b0000 - 0x00007ff7b81e1000 	D:\android studio\jre\bin\java.exe
0x00007ffc85220000 - 0x00007ffc85400000 	C:\windows\SYSTEM32\ntdll.dll
0x00007ffc83eb0000 - 0x00007ffc83f5e000 	C:\windows\System32\KERNEL32.DLL
0x00007ffc822c0000 - 0x00007ffc82526000 	C:\windows\System32\KERNELBASE.dll
0x00007ffc84e20000 - 0x00007ffc84ec1000 	C:\windows\System32\ADVAPI32.dll
0x00007ffc846a0000 - 0x00007ffc8473d000 	C:\windows\System32\msvcrt.dll
0x00007ffc85130000 - 0x00007ffc8518b000 	C:\windows\System32\sechost.dll
0x00007ffc844c0000 - 0x00007ffc845df000 	C:\windows\System32\RPCRT4.dll
0x00007ffc848e0000 - 0x00007ffc84a6f000 	C:\windows\System32\USER32.dll
0x00007ffc82020000 - 0x00007ffc82040000 	C:\windows\System32\win32u.dll
0x00007ffc82630000 - 0x00007ffc82658000 	C:\windows\System32\GDI32.dll
0x00007ffc81e80000 - 0x00007ffc82013000 	C:\windows\System32\gdi32full.dll
0x00007ffc82110000 - 0x00007ffc821ab000 	C:\windows\System32\msvcp_win.dll
0x00007ffc81d80000 - 0x00007ffc81e74000 	C:\windows\System32\ucrtbase.dll
0x00007ffc73f10000 - 0x00007ffc74179000 	C:\windows\WinSxS\amd64_microsoft.windows.common-controls_6595b64144ccf1df_6.0.16299.1087_none_0f9074b65a6589b7\COMCTL32.dll
0x00007ffc82760000 - 0x00007ffc82a66000 	C:\windows\System32\combase.dll
0x00007ffc81b30000 - 0x00007ffc81ba2000 	C:\windows\System32\bcryptPrimitives.dll
0x00007ffc82540000 - 0x00007ffc8256d000 	C:\windows\System32\IMM32.DLL
0x0000000053470000 - 0x0000000053542000 	D:\android studio\jre\jre\bin\msvcr100.dll
0x0000000053550000 - 0x0000000053d96000 	D:\android studio\jre\jre\bin\server\jvm.dll
0x00007ffc82040000 - 0x00007ffc82063000 	C:\windows\System32\WINMM.dll
0x00007ffc812e0000 - 0x00007ffc8130a000 	C:\windows\System32\WINMMBASE.dll
0x00007ffc82070000 - 0x00007ffc820ba000 	C:\windows\System32\cfgmgr32.dll
0x00007ffc82570000 - 0x00007ffc82578000 	C:\windows\System32\PSAPI.DLL
0x00007ffc78a00000 - 0x00007ffc78a09000 	C:\windows\SYSTEM32\WSOCK32.dll
0x00007ffc7cd20000 - 0x00007ffc7cd2a000 	C:\windows\SYSTEM32\VERSION.dll
0x00007ffc850c0000 - 0x00007ffc8512c000 	C:\windows\System32\WS2_32.dll
0x00007ffc7b2a0000 - 0x00007ffc7b2af000 	D:\android studio\jre\jre\bin\verify.dll
0x00007ffc6ff80000 - 0x00007ffc6ffa9000 	D:\android studio\jre\jre\bin\java.dll
0x00007ffc7b280000 - 0x00007ffc7b296000 	D:\android studio\jre\jre\bin\zip.dll
0x00007ffc82a70000 - 0x00007ffc83ea8000 	C:\windows\System32\SHELL32.dll
0x00007ffc845e0000 - 0x00007ffc84686000 	C:\windows\System32\shcore.dll
0x00007ffc81330000 - 0x00007ffc81a77000 	C:\windows\System32\windows.storage.dll
0x00007ffc85190000 - 0x00007ffc851e1000 	C:\windows\System32\shlwapi.dll
0x00007ffc812c0000 - 0x00007ffc812d1000 	C:\windows\System32\kernel.appcore.dll
0x00007ffc820c0000 - 0x00007ffc8210c000 	C:\windows\System32\powrprof.dll
0x00007ffc812a0000 - 0x00007ffc812bb000 	C:\windows\System32\profapi.dll
0x00007ffc6ff60000 - 0x00007ffc6ff7a000 	D:\android studio\jre\jre\bin\net.dll
0x00007ffc80aa0000 - 0x00007ffc80b06000 	C:\windows\system32\mswsock.dll
0x00007ffc692d0000 - 0x00007ffc692e1000 	D:\android studio\jre\jre\bin\nio.dll
0x00007ffc58720000 - 0x00007ffc58746000 	C:\Users\Administrator\.gradle\native\29\windows-amd64\native-platform.dll
0x00007ffc70d30000 - 0x00007ffc70d3d000 	D:\android studio\jre\jre\bin\management.dll
0x00007ffc80c70000 - 0x00007ffc80c87000 	C:\windows\SYSTEM32\CRYPTSP.dll
0x00007ffc806a0000 - 0x00007ffc806d3000 	C:\windows\system32\rsaenh.dll
0x00007ffc80d70000 - 0x00007ffc80d95000 	C:\windows\SYSTEM32\bcrypt.dll
0x00007ffc811a0000 - 0x00007ffc811c9000 	C:\windows\SYSTEM32\USERENV.dll
0x00007ffc80c60000 - 0x00007ffc80c6b000 	C:\windows\SYSTEM32\CRYPTBASE.dll
0x00007ffc80830000 - 0x00007ffc80869000 	C:\windows\SYSTEM32\IPHLPAPI.DLL
0x00007ffc82580000 - 0x00007ffc82588000 	C:\windows\System32\NSI.dll
0x00007ffc7c680000 - 0x00007ffc7c696000 	C:\windows\SYSTEM32\dhcpcsvc6.DLL
0x00007ffc7c660000 - 0x00007ffc7c67a000 	C:\windows\SYSTEM32\dhcpcsvc.DLL

VM Arguments:
jvm_args: -Xmx1536m -Dfile.encoding=GBK -Duser.country=CN -Duser.language=zh -Duser.variant 
java_command: org.gradle.launcher.daemon.bootstrap.GradleDaemon 5.4.1
java_class_path (initial): C:\Users\Administrator\.gradle\wrapper\dists\gradle-5.4.1-all\3221gyojl5jsh0helicew7rwx\gradle-5.4.1\lib\gradle-launcher-5.4.1.jar
Launcher Type: SUN_STANDARD

Environment Variables:
PATH=C:\Program Files\Java\jdk1.8.0_181\bin;C:\ProgramData\DockerDesktop\version-bin;C:\Program Files\Docker\Docker\Resources\bin;D:\Python\Python37\Scripts\;D:\Python\Python37\;C:\windows\system32;C:\windows;C:\windows\System32\Wbem;C:\windows\System32\WindowsPowerShell\v1.0\;C:\Program Files (x86)\NVIDIA Corporation\PhysX\Common;C:\Program Files\TortoiseSVN\bin;C:\Program Files\NVIDIA Corporation\NVIDIA NvDLISR;D:\home\Redis\;D:\Git\cmd;C:\php;C:\Apache24;C:\Apache24\bin;C:\Users\Administrator\AppData\Local\Microsoft\WindowsApps;;D:\JETBrain\Python_professional\PyCharm 2019.2\bin;;D:\phpstorm\PhpStorm 2019.2.5\bin;;D:\JETBrain\Python\PyCharm Community Edition 2019.2\bin;
USERNAME=Administrator
OS=Windows_NT
PROCESSOR_IDENTIFIER=Intel64 Family 6 Model 158 Stepping 9, GenuineIntel



---------------  S Y S T E M  ---------------

OS: Windows 10.0 , 64 bit Build 16299 (10.0.16299.1087)

CPU:total 8 (initial active 8) (4 cores per cpu, 2 threads per core) family 6 model 158 stepping 9, cmov, cx8, fxsr, mmx, sse, sse2, sse3, ssse3, sse4.1, sse4.2, popcnt, avx, avx2, aes, clmul, erms, rtm, 3dnowpref, lzcnt, ht, tsc, tscinvbit, bmi1, bmi2, adx

Memory: 4k page, physical 16641964k(444184k free), swap 25030572k(80k free)

vm_info: OpenJDK 64-Bit Server VM (25.202-b03) for windows-amd64 JRE (1.8.0_202-release-1483-b03), built by "builder" with MS VC++ 10.0 (VS2010)

time: Wed Nov 27 07:29:27 2019
timezone: 中国标准时间
elapsed time: 17 seconds (0d 0h 0m 17s)

